0.742, acioncordium.com, misspelling
0.870, acncordium.com, misspelling
0.822, acocordium.com, misspelling
0.791, aconcordium.com, misspelling
0.742, acooncordium.com, misspelling
0.902, aoncordium.com, misspelling
0.802, c0nc0rbium.com, 1337speak
0.900, c0nc0rdium.com, 1337speak
0.806, c0nc0rdivm.com, 1337speak
0.852, c0ncondium.com, 1337speak
0.852, c0ncorbium.com, 1337speak
0.763, c0ncorbivm.com, 1337speak
0.900, c0ncord1um.com, 1337speak
0.950, c0ncordium.com, 1337speak
0.885, c0ncordiun.com, 1337speak
0.856, c0ncordivm.com, 1337speak
0.856, c0ncordlum.com, 1337speak
0.885, c0ncqrdium.com, 1337speak
0.935, cancordium.com, misspelling
0.712, ccobcordium.com, fat-finger
0.713, ccobncordium.com, fat-finger
0.712, ccohcordium.com, fat-finger
0.742, ccohncordium.com, fat-finger
0.712, ccojcordium.com, fat-finger
0.713, ccojncordium.com, fat-finger
0.745, ccomcordium.com, fat-finger
0.742, ccomncordium.com, fat-finger
0.742, cconccordium.com, fat-finger
0.742, cconciordium.com, fat-finger
0.745, cconcirdium.com, fat-finger
0.712, cconcoedium.com, fat-finger
0.742, cconcoerdium.com, fat-finger
0.712, cconcofdium.com, fat-finger
0.713, cconcofrdium.com, fat-finger
0.700, cconcoorddium.com, fat-finger
0.742, cconcoordium.com, fat-finger
0.700, cconcoordiuum.com, fat-finger
0.742, cconcorddium.com, fat-finger
0.700, cconcorddiuum.com, fat-finger
0.745, cconcordiim.com, fat-finger
0.742, cconcordiium.com, fat-finger
0.745, cconcordiom.com, fat-finger
0.742, cconcordioum.com, fat-finger
0.712, cconcordiuj.com, fat-finger
0.713, cconcordiujm.com, fat-finger
0.712, cconcordiuk.com, fat-finger
0.713, cconcordiukm.com, fat-finger
0.791, cconcordium.com, fat-finger
0.742, cconcordiumm.com, fat-finger
0.745, cconcordiun.com, fat-finger
0.742, cconcordiunm.com, fat-finger
0.742, cconcordiuum.com, fat-finger
0.745, cconcordiym.com, fat-finger
0.742, cconcordiyum.com, fat-finger
0.742, cconcordoium.com, fat-finger
0.745, cconcordoum.com, fat-finger
0.713, cconcordpium.com, fat-finger
0.717, cconcordpum.com, fat-finger
0.742, cconcorduium.com, fat-finger
0.745, cconcorduum.com, fat-finger
0.742, cconcoredium.com, fat-finger
0.712, cconcoreium.com, fat-finger
0.713, cconcorfdium.com, fat-finger
0.712, cconcorfium.com, fat-finger
0.742, cconcorrdium.com, fat-finger
0.713, cconcorsdium.com, fat-finger
0.712, cconcorsium.com, fat-finger
0.713, cconcorxdium.com, fat-finger
0.712, cconcorxium.com, fat-finger
0.712, cconcotdium.com, fat-finger
0.713, cconcotrdium.com, fat-finger
0.713, cconcpordium.com, fat-finger
0.717, cconcprdium.com, fat-finger
0.713, ccondcordium.com, fat-finger
0.712, ccondordium.com, fat-finger
0.713, cconfcordium.com, fat-finger
0.712, cconfordium.com, fat-finger
0.700, cconncoordium.com, fat-finger
0.700, cconncorddium.com, fat-finger
0.742, cconncordium.com, fat-finger
0.700, cconncordiuum.com, fat-finger
0.713, cconvcordium.com, fat-finger
0.712, cconvordium.com, fat-finger
0.742, cconxcordium.com, fat-finger
0.745, cconxordium.com, fat-finger
0.935, cencordium.com, misspelling
0.837, ceocordium.com, misspelling
0.791, ceoncordium.com, misspelling
0.822, ceonordium.com, misspelling
0.742, ceonucordium.com, misspelling
0.742, ceooncordium.com, misspelling
0.745, cinccordium.com, fat-finger
0.745, cinciordium.com, fat-finger
0.870, cincirdium.com, fat-finger
0.837, cincoedium.com, fat-finger
0.745, cincoerdium.com, fat-finger
0.837, cincofdium.com, fat-finger
0.717, cincofrdium.com, fat-finger
0.745, cincoordium.com, fat-finger
0.745, cincorddium.com, fat-finger
0.870, cincordiim.com, fat-finger
0.745, cincordiium.com, fat-finger
0.870, cincordiom.com, fat-finger
0.745, cincordioum.com, fat-finger
0.837, cincordiuj.com, fat-finger
0.717, cincordiujm.com, fat-finger
0.837, cincordiuk.com, fat-finger
0.717, cincordiukm.com, fat-finger
0.935, cincordium.com, misspelling
0.745, cincordiumm.com, fat-finger
0.870, cincordiun.com, fat-finger
0.745, cincordiunm.com, fat-finger
0.745, cincordiuum.com, fat-finger
0.870, cincordiym.com, fat-finger
0.745, cincordiyum.com, fat-finger
0.745, cincordoium.com, fat-finger
0.870, cincordoum.com, fat-finger
0.717, cincordpium.com, fat-finger
0.841, cincordpum.com, fat-finger
0.745, cincorduium.com, fat-finger
0.870, cincorduum.com, fat-finger
0.745, cincoredium.com, fat-finger
0.837, cincoreium.com, fat-finger
0.717, cincorfdium.com, fat-finger
0.837, cincorfium.com, fat-finger
0.745, cincorrdium.com, fat-finger
0.717, cincorsdium.com, fat-finger
0.837, cincorsium.com, fat-finger
0.717, cincorxdium.com, fat-finger
0.837, cincorxium.com, fat-finger
0.837, cincotdium.com, fat-finger
0.717, cincotrdium.com, fat-finger
0.717, cincpordium.com, fat-finger
0.841, cincprdium.com, fat-finger
0.717, cindcordium.com, fat-finger
0.837, cindordium.com, fat-finger
0.717, cinfcordium.com, fat-finger
0.837, cinfordium.com, fat-finger
0.717, cinvcordium.com, fat-finger
0.837, cinvordium.com, fat-finger
0.745, cinxcordium.com, fat-finger
0.870, cinxordium.com, fat-finger
0.742, cionccordium.com, fat-finger
0.742, cionciordium.com, fat-finger
0.745, cioncirdium.com, fat-finger
0.712, cioncoedium.com, fat-finger
0.742, cioncoerdium.com, fat-finger
0.712, cioncofdium.com, fat-finger
0.713, cioncofrdium.com, fat-finger
0.742, cioncoordium.com, fat-finger
0.742, cioncorddium.com, fat-finger
0.745, cioncordiim.com, fat-finger
0.742, cioncordiium.com, fat-finger
0.745, cioncordiom.com, fat-finger
0.742, cioncordioum.com, fat-finger
0.712, cioncordiuj.com, fat-finger
0.713, cioncordiujm.com, fat-finger
0.712, cioncordiuk.com, fat-finger
0.713, cioncordiukm.com, fat-finger
0.791, cioncordium.com, fat-finger
0.742, cioncordiumm.com, fat-finger
0.745, cioncordiun.com, fat-finger
0.742, cioncordiunm.com, fat-finger
0.742, cioncordiuum.com, fat-finger
0.745, cioncordiym.com, fat-finger
0.742, cioncordiyum.com, fat-finger
0.742, cioncordoium.com, fat-finger
0.745, cioncordoum.com, fat-finger
0.713, cioncordpium.com, fat-finger
0.717, cioncordpum.com, fat-finger
0.742, cioncorduium.com, fat-finger
0.745, cioncorduum.com, fat-finger
0.742, cioncoredium.com, fat-finger
0.712, cioncoreium.com, fat-finger
0.713, cioncorfdium.com, fat-finger
0.712, cioncorfium.com, fat-finger
0.742, cioncorrdium.com, fat-finger
0.713, cioncorsdium.com, fat-finger
0.712, cioncorsium.com, fat-finger
0.713, cioncorxdium.com, fat-finger
0.712, cioncorxium.com, fat-finger
0.712, cioncotdium.com, fat-finger
0.713, cioncotrdium.com, fat-finger
0.713, cioncpordium.com, fat-finger
0.717, cioncprdium.com, fat-finger
0.713, ciondcordium.com, fat-finger
0.712, ciondordium.com, fat-finger
0.713, cionfcordium.com, fat-finger
0.712, cionfordium.com, fat-finger
0.713, cionvcordium.com, fat-finger
0.712, cionvordium.com, fat-finger
0.742, cionxcordium.com, fat-finger
0.745, cionxordium.com, fat-finger
0.785, cncordium.com, misspelling
0.870, cnicordium.com, misspelling
0.870, cnocordium.com, misspelling
0.687, cnordium.com, misspelling
0.712, cobciordium.com, fat-finger
0.837, cobcirdium.com, fat-finger
0.803, cobcoedium.com, fat-finger
0.712, cobcoerdium.com, fat-finger
0.803, cobcofdium.com, fat-finger
0.688, cobcofrdium.com, fat-finger
0.712, cobcoordium.com, fat-finger
0.712, cobcorddium.com, fat-finger
0.837, cobcordiim.com, fat-finger
0.712, cobcordiium.com, fat-finger
0.837, cobcordiom.com, fat-finger
0.712, cobcordioum.com, fat-finger
0.803, cobcordiuj.com, fat-finger
0.688, cobcordiujm.com, fat-finger
0.803, cobcordiuk.com, fat-finger
0.688, cobcordiukm.com, fat-finger
0.902, cobcordium.com, misspelling
0.712, cobcordiumm.com, fat-finger
0.837, cobcordiun.com, fat-finger
0.712, cobcordiunm.com, fat-finger
0.712, cobcordiuum.com, fat-finger
0.837, cobcordiym.com, fat-finger
0.712, cobcordiyum.com, fat-finger
0.712, cobcordoium.com, fat-finger
0.837, cobcordoum.com, fat-finger
0.688, cobcordpium.com, fat-finger
0.813, cobcordpum.com, fat-finger
0.712, cobcorduium.com, fat-finger
0.837, cobcorduum.com, fat-finger
0.712, cobcoredium.com, fat-finger
0.803, cobcoreium.com, fat-finger
0.688, cobcorfdium.com, fat-finger
0.803, cobcorfium.com, fat-finger
0.712, cobcorrdium.com, fat-finger
0.688, cobcorsdium.com, fat-finger
0.803, cobcorsium.com, fat-finger
0.688, cobcorxdium.com, fat-finger
0.803, cobcorxium.com, fat-finger
0.803, cobcotdium.com, fat-finger
0.688, cobcotrdium.com, fat-finger
0.688, cobcpordium.com, fat-finger
0.813, cobcprdium.com, fat-finger
0.713, cobnciordium.com, fat-finger
0.717, cobncirdium.com, fat-finger
0.679, cobncoedium.com, fat-finger
0.713, cobncoerdium.com, fat-finger
0.688, cobncofdium.com, fat-finger
0.692, cobncofrdium.com, fat-finger
0.713, cobncoordium.com, fat-finger
0.713, cobncorddium.com, fat-finger
0.717, cobncordiim.com, fat-finger
0.713, cobncordiium.com, fat-finger
0.717, cobncordiom.com, fat-finger
0.713, cobncordioum.com, fat-finger
0.688, cobncordiuj.com, fat-finger
0.692, cobncordiujm.com, fat-finger
0.688, cobncordiuk.com, fat-finger
0.692, cobncordiukm.com, fat-finger
0.762, cobncordium.com, fat-finger
0.713, cobncordiumm.com, fat-finger
0.717, cobncordiun.com, fat-finger
0.713, cobncordiunm.com, fat-finger
0.713, cobncordiuum.com, fat-finger
0.717, cobncordiym.com, fat-finger
0.713, cobncordiyum.com, fat-finger
0.713, cobncordoium.com, fat-finger
0.717, cobncordoum.com, fat-finger
0.692, cobncordpium.com, fat-finger
0.695, cobncordpum.com, fat-finger
0.713, cobncorduium.com, fat-finger
0.717, cobncorduum.com, fat-finger
0.713, cobncoredium.com, fat-finger
0.679, cobncoreium.com, fat-finger
0.692, cobncorfdium.com, fat-finger
0.688, cobncorfium.com, fat-finger
0.713, cobncorrdium.com, fat-finger
0.692, cobncorsdium.com, fat-finger
0.688, cobncorsium.com, fat-finger
0.692, cobncorxdium.com, fat-finger
0.688, cobncorxium.com, fat-finger
0.679, cobncotdium.com, fat-finger
0.692, cobncotrdium.com, fat-finger
0.692, cobncpordium.com, fat-finger
0.695, cobncprdium.com, fat-finger
0.803, cocnordium.com, misspelling
0.837, cocoordium.com, misspelling
0.752, cocordium.com, misspelling
0.687, cocrdium.com, misspelling
0.712, cohciordium.com, fat-finger
0.837, cohcirdium.com, fat-finger
0.803, cohcoedium.com, fat-finger
0.712, cohcoerdium.com, fat-finger
0.803, cohcofdium.com, fat-finger
0.679, cohcofrdium.com, fat-finger
0.712, cohcoordium.com, fat-finger
0.712, cohcorddium.com, fat-finger
0.837, cohcordiim.com, fat-finger
0.712, cohcordiium.com, fat-finger
0.837, cohcordiom.com, fat-finger
0.712, cohcordioum.com, fat-finger
0.803, cohcordiuj.com, fat-finger
0.679, cohcordiujm.com, fat-finger
0.803, cohcordiuk.com, fat-finger
0.679, cohcordiukm.com, fat-finger
0.902, cohcordium.com, misspelling
0.712, cohcordiumm.com, fat-finger
0.837, cohcordiun.com, fat-finger
0.712, cohcordiunm.com, fat-finger
0.712, cohcordiuum.com, fat-finger
0.837, cohcordiym.com, fat-finger
0.712, cohcordiyum.com, fat-finger
0.712, cohcordoium.com, fat-finger
0.837, cohcordoum.com, fat-finger
0.679, cohcordpium.com, fat-finger
0.803, cohcordpum.com, fat-finger
0.712, cohcorduium.com, fat-finger
0.837, cohcorduum.com, fat-finger
0.712, cohcoredium.com, fat-finger
0.803, cohcoreium.com, fat-finger
0.679, cohcorfdium.com, fat-finger
0.803, cohcorfium.com, fat-finger
0.712, cohcorrdium.com, fat-finger
0.679, cohcorsdium.com, fat-finger
0.803, cohcorsium.com, fat-finger
0.679, cohcorxdium.com, fat-finger
0.803, cohcorxium.com, fat-finger
0.803, cohcotdium.com, fat-finger
0.679, cohcotrdium.com, fat-finger
0.679, cohcpordium.com, fat-finger
0.803, cohcprdium.com, fat-finger
0.742, cohnciordium.com, fat-finger
0.745, cohncirdium.com, fat-finger
0.712, cohncoedium.com, fat-finger
0.742, cohncoerdium.com, fat-finger
0.712, cohncofdium.com, fat-finger
0.713, cohncofrdium.com, fat-finger
0.742, cohncoordium.com, fat-finger
0.742, cohncorddium.com, fat-finger
0.745, cohncordiim.com, fat-finger
0.742, cohncordiium.com, fat-finger
0.745, cohncordiom.com, fat-finger
0.742, cohncordioum.com, fat-finger
0.712, cohncordiuj.com, fat-finger
0.713, cohncordiujm.com, fat-finger
0.712, cohncordiuk.com, fat-finger
0.713, cohncordiukm.com, fat-finger
0.791, cohncordium.com, fat-finger
0.742, cohncordiumm.com, fat-finger
0.745, cohncordiun.com, fat-finger
0.742, cohncordiunm.com, fat-finger
0.742, cohncordiuum.com, fat-finger
0.745, cohncordiym.com, fat-finger
0.742, cohncordiyum.com, fat-finger
0.742, cohncordoium.com, fat-finger
0.745, cohncordoum.com, fat-finger
0.713, cohncordpium.com, fat-finger
0.717, cohncordpum.com, fat-finger
0.742, cohncorduium.com, fat-finger
0.745, cohncorduum.com, fat-finger
0.742, cohncoredium.com, fat-finger
0.712, cohncoreium.com, fat-finger
0.713, cohncorfdium.com, fat-finger
0.712, cohncorfium.com, fat-finger
0.742, cohncorrdium.com, fat-finger
0.713, cohncorsdium.com, fat-finger
0.712, cohncorsium.com, fat-finger
0.713, cohncorxdium.com, fat-finger
0.712, cohncorxium.com, fat-finger
0.712, cohncotdium.com, fat-finger
0.713, cohncotrdium.com, fat-finger
0.713, cohncpordium.com, fat-finger
0.717, cohncprdium.com, fat-finger
0.902, coicordium.com, misspelling
0.791, coincordium.com, misspelling
0.855, coincrdium.com, misspelling
0.742, coincsordium.com, misspelling
0.837, coinordium.com, misspelling
0.742, coinucordium.com, misspelling
0.712, cojciordium.com, fat-finger
0.837, cojcirdium.com, fat-finger
0.803, cojcoedium.com, fat-finger
0.712, cojcoerdium.com, fat-finger
0.803, cojcofdium.com, fat-finger
0.679, cojcofrdium.com, fat-finger
0.712, cojcoordium.com, fat-finger
0.712, cojcorddium.com, fat-finger
0.837, cojcordiim.com, fat-finger
0.712, cojcordiium.com, fat-finger
0.837, cojcordiom.com, fat-finger
0.712, cojcordioum.com, fat-finger
0.803, cojcordiuj.com, fat-finger
0.679, cojcordiujm.com, fat-finger
0.803, cojcordiuk.com, fat-finger
0.679, cojcordiukm.com, fat-finger
0.902, cojcordium.com, misspelling
0.712, cojcordiumm.com, fat-finger
0.837, cojcordiun.com, fat-finger
0.712, cojcordiunm.com, fat-finger
0.712, cojcordiuum.com, fat-finger
0.837, cojcordiym.com, fat-finger
0.712, cojcordiyum.com, fat-finger
0.712, cojcordoium.com, fat-finger
0.837, cojcordoum.com, fat-finger
0.679, cojcordpium.com, fat-finger
0.803, cojcordpum.com, fat-finger
0.712, cojcorduium.com, fat-finger
0.837, cojcorduum.com, fat-finger
0.712, cojcoredium.com, fat-finger
0.803, cojcoreium.com, fat-finger
0.679, cojcorfdium.com, fat-finger
0.803, cojcorfium.com, fat-finger
0.712, cojcorrdium.com, fat-finger
0.679, cojcorsdium.com, fat-finger
0.803, cojcorsium.com, fat-finger
0.679, cojcorxdium.com, fat-finger
0.803, cojcorxium.com, fat-finger
0.803, cojcotdium.com, fat-finger
0.679, cojcotrdium.com, fat-finger
0.679, cojcpordium.com, fat-finger
0.803, cojcprdium.com, fat-finger
0.713, cojnciordium.com, fat-finger
0.717, cojncirdium.com, fat-finger
0.679, cojncoedium.com, fat-finger
0.713, cojncoerdium.com, fat-finger
0.688, cojncofdium.com, fat-finger
0.692, cojncofrdium.com, fat-finger
0.713, cojncoordium.com, fat-finger
0.713, cojncorddium.com, fat-finger
0.717, cojncordiim.com, fat-finger
0.713, cojncordiium.com, fat-finger
0.717, cojncordiom.com, fat-finger
0.713, cojncordioum.com, fat-finger
0.688, cojncordiuj.com, fat-finger
0.692, cojncordiujm.com, fat-finger
0.688, cojncordiuk.com, fat-finger
0.692, cojncordiukm.com, fat-finger
0.762, cojncordium.com, fat-finger
0.713, cojncordiumm.com, fat-finger
0.717, cojncordiun.com, fat-finger
0.713, cojncordiunm.com, fat-finger
0.713, cojncordiuum.com, fat-finger
0.717, cojncordiym.com, fat-finger
0.713, cojncordiyum.com, fat-finger
0.713, cojncordoium.com, fat-finger
0.717, cojncordoum.com, fat-finger
0.692, cojncordpium.com, fat-finger
0.695, cojncordpum.com, fat-finger
0.713, cojncorduium.com, fat-finger
0.717, cojncorduum.com, fat-finger
0.713, cojncoredium.com, fat-finger
0.679, cojncoreium.com, fat-finger
0.692, cojncorfdium.com, fat-finger
0.688, cojncorfium.com, fat-finger
0.713, cojncorrdium.com, fat-finger
0.692, cojncorsdium.com, fat-finger
0.688, cojncorsium.com, fat-finger
0.692, cojncorxdium.com, fat-finger
0.688, cojncorxium.com, fat-finger
0.679, cojncotdium.com, fat-finger
0.692, cojncotrdium.com, fat-finger
0.692, cojncpordium.com, fat-finger
0.695, cojncprdium.com, fat-finger
0.745, comciordium.com, fat-finger
0.870, comcirdium.com, fat-finger
0.837, comcoedium.com, fat-finger
0.745, comcoerdium.com, fat-finger
0.837, comcofdium.com, fat-finger
0.717, comcofrdium.com, fat-finger
0.837, comcondium.com, 1337speak
0.745, comcoordium.com, fat-finger
0.837, comcorbium.com, 1337speak
0.885, comcord1um.com, 1337speak
0.745, comcorddium.com, fat-finger
0.870, comcordiim.com, fat-finger
0.745, comcordiium.com, fat-finger
0.870, comcordiom.com, fat-finger
0.745, comcordioum.com, fat-finger
0.837, comcordiuj.com, fat-finger
0.717, comcordiujm.com, fat-finger
0.837, comcordiuk.com, fat-finger
0.717, comcordiukm.com, fat-finger
0.935, comcordium.com, 1337speak
0.745, comcordiumm.com, fat-finger
0.870, comcordiun.com, 1337speak
0.745, comcordiunm.com, fat-finger
0.745, comcordiuum.com, fat-finger
0.841, comcordivm.com, 1337speak
0.870, comcordiym.com, fat-finger
0.745, comcordiyum.com, fat-finger
0.841, comcordlum.com, 1337speak
0.745, comcordoium.com, fat-finger
0.870, comcordoum.com, fat-finger
0.717, comcordpium.com, fat-finger
0.841, comcordpum.com, fat-finger
0.745, comcorduium.com, fat-finger
0.870, comcorduum.com, fat-finger
0.745, comcoredium.com, fat-finger
0.837, comcoreium.com, fat-finger
0.717, comcorfdium.com, fat-finger
0.837, comcorfium.com, fat-finger
0.745, comcorrdium.com, fat-finger
0.717, comcorsdium.com, fat-finger
0.837, comcorsium.com, fat-finger
0.717, comcorxdium.com, fat-finger
0.837, comcorxium.com, fat-finger
0.837, comcotdium.com, fat-finger
0.717, comcotrdium.com, fat-finger
0.717, comcpordium.com, fat-finger
0.841, comcprdium.com, fat-finger
0.742, comnciordium.com, fat-finger
0.745, comncirdium.com, fat-finger
0.712, comncoedium.com, fat-finger
0.742, comncoerdium.com, fat-finger
0.712, comncofdium.com, fat-finger
0.713, comncofrdium.com, fat-finger
0.742, comncoordium.com, fat-finger
0.742, comncorddium.com, fat-finger
0.745, comncordiim.com, fat-finger
0.742, comncordiium.com, fat-finger
0.745, comncordiom.com, fat-finger
0.742, comncordioum.com, fat-finger
0.712, comncordiuj.com, fat-finger
0.713, comncordiujm.com, fat-finger
0.712, comncordiuk.com, fat-finger
0.713, comncordiukm.com, fat-finger
0.791, comncordium.com, fat-finger
0.742, comncordiumm.com, fat-finger
0.745, comncordiun.com, fat-finger
0.742, comncordiunm.com, fat-finger
0.742, comncordiuum.com, fat-finger
0.745, comncordiym.com, fat-finger
0.742, comncordiyum.com, fat-finger
0.742, comncordoium.com, fat-finger
0.745, comncordoum.com, fat-finger
0.713, comncordpium.com, fat-finger
0.717, comncordpum.com, fat-finger
0.742, comncorduium.com, fat-finger
0.745, comncorduum.com, fat-finger
0.742, comncoredium.com, fat-finger
0.712, comncoreium.com, fat-finger
0.713, comncorfdium.com, fat-finger
0.712, comncorfium.com, fat-finger
0.742, comncorrdium.com, fat-finger
0.713, comncorsdium.com, fat-finger
0.712, comncorsium.com, fat-finger
0.713, comncorxdium.com, fat-finger
0.712, comncorxium.com, fat-finger
0.712, comncotdium.com, fat-finger
0.713, comncotrdium.com, fat-finger
0.713, comncpordium.com, fat-finger
0.717, comncprdium.com, fat-finger
0.852, conc0rbium.com, 1337speak
0.763, conc0rbivm.com, 1337speak
0.900, conc0rd1um.com, 1337speak
0.950, conc0rdium.com, 1337speak
0.885, conc0rdiun.com, 1337speak
0.856, conc0rdivm.com, 1337speak
0.856, conc0rdlum.com, 1337speak
0.935, concardium.com, misspelling
0.712, conccoedium.com, fat-finger
0.742, conccoerdium.com, fat-finger
0.712, conccofdium.com, fat-finger
0.713, conccofrdium.com, fat-finger
0.742, conccorddium.com, fat-finger
0.745, conccordiim.com, fat-finger
0.742, conccordiium.com, fat-finger
0.745, conccordiom.com, fat-finger
0.742, conccordioum.com, fat-finger
0.712, conccordiuj.com, fat-finger
0.713, conccordiujm.com, fat-finger
0.712, conccordiuk.com, fat-finger
0.713, conccordiukm.com, fat-finger
0.791, conccordium.com, fat-finger
0.742, conccordiumm.com, fat-finger
0.745, conccordiun.com, fat-finger
0.742, conccordiunm.com, fat-finger
0.742, conccordiuum.com, fat-finger
0.745, conccordiym.com, fat-finger
0.742, conccordiyum.com, fat-finger
0.742, conccordoium.com, fat-finger
0.745, conccordoum.com, fat-finger
0.713, conccordpium.com, fat-finger
0.717, conccordpum.com, fat-finger
0.742, conccorduium.com, fat-finger
0.745, conccorduum.com, fat-finger
0.742, conccoredium.com, fat-finger
0.712, conccoreium.com, fat-finger
0.713, conccorfdium.com, fat-finger
0.712, conccorfium.com, fat-finger
0.742, conccorrdium.com, fat-finger
0.713, conccorsdium.com, fat-finger
0.712, conccorsium.com, fat-finger
0.713, conccorxdium.com, fat-finger
0.712, conccorxium.com, fat-finger
0.712, conccotdium.com, fat-finger
0.713, conccotrdium.com, fat-finger
0.935, concerdium.com, misspelling
0.742, conciorddium.com, fat-finger
0.745, conciordiim.com, fat-finger
0.742, conciordiium.com, fat-finger
0.745, conciordiom.com, fat-finger
0.742, conciordioum.com, fat-finger
0.712, conciordiuj.com, fat-finger
0.713, conciordiujm.com, fat-finger
0.712, conciordiuk.com, fat-finger
0.713, conciordiukm.com, fat-finger
0.791, conciordium.com, fat-finger
0.742, conciordiumm.com, fat-finger
0.745, conciordiun.com, fat-finger
0.742, conciordiunm.com, fat-finger
0.742, conciordiuum.com, fat-finger
0.745, conciordiym.com, fat-finger
0.742, conciordiyum.com, fat-finger
0.742, conciordoium.com, fat-finger
0.745, conciordoum.com, fat-finger
0.713, conciordpium.com, fat-finger
0.717, conciordpum.com, fat-finger
0.742, conciorduium.com, fat-finger
0.745, conciorduum.com, fat-finger
0.742, concioredium.com, fat-finger
0.712, concioreium.com, fat-finger
0.713, conciorfdium.com, fat-finger
0.712, conciorfium.com, fat-finger
0.713, conciorsdium.com, fat-finger
0.712, conciorsium.com, fat-finger
0.713, conciorxdium.com, fat-finger
0.712, conciorxium.com, fat-finger
0.745, concirddium.com, fat-finger
0.870, concirdiim.com, fat-finger
0.745, concirdiium.com, fat-finger
0.870, concirdiom.com, fat-finger
0.745, concirdioum.com, fat-finger
0.837, concirdiuj.com, fat-finger
0.717, concirdiujm.com, fat-finger
0.837, concirdiuk.com, fat-finger
0.717, concirdiukm.com, fat-finger
0.935, concirdium.com, misspelling
0.745, concirdiumm.com, fat-finger
0.870, concirdiun.com, fat-finger
0.745, concirdiunm.com, fat-finger
0.745, concirdiuum.com, fat-finger
0.870, concirdiym.com, fat-finger
0.745, concirdiyum.com, fat-finger
0.745, concirdoium.com, fat-finger
0.870, concirdoum.com, fat-finger
0.717, concirdpium.com, fat-finger
0.841, concirdpum.com, fat-finger
0.745, concirduium.com, fat-finger
0.870, concirduum.com, fat-finger
0.745, conciredium.com, fat-finger
0.837, concireium.com, fat-finger
0.717, concirfdium.com, fat-finger
0.837, concirfium.com, fat-finger
0.717, concirsdium.com, fat-finger
0.837, concirsium.com, fat-finger
0.717, concirxdium.com, fat-finger
0.837, concirxium.com, fat-finger
0.752, concodium.com, misspelling
0.803, concodrium.com, misspelling
0.837, concodtium.com, misspelling
0.687, concodum.com, misspelling
0.837, concoediim.com, fat-finger
0.712, concoediium.com, fat-finger
0.837, concoediom.com, fat-finger
0.712, concoedioum.com, fat-finger
0.803, concoediuj.com, fat-finger
0.679, concoediujm.com, fat-finger
0.803, concoediuk.com, fat-finger
0.679, concoediukm.com, fat-finger
0.902, concoedium.com, misspelling
0.712, concoediumm.com, fat-finger
0.837, concoediun.com, fat-finger
0.712, concoediunm.com, fat-finger
0.712, concoediuum.com, fat-finger
0.837, concoediym.com, fat-finger
0.712, concoediyum.com, fat-finger
0.712, concoedoium.com, fat-finger
0.837, concoedoum.com, fat-finger
0.679, concoedpium.com, fat-finger
0.803, concoedpum.com, fat-finger
0.712, concoeduium.com, fat-finger
0.837, concoeduum.com, fat-finger
0.745, concoerdiim.com, fat-finger
0.742, concoerdiium.com, fat-finger
0.745, concoerdiom.com, fat-finger
0.742, concoerdioum.com, fat-finger
0.712, concoerdiuj.com, fat-finger
0.713, concoerdiujm.com, fat-finger
0.712, concoerdiuk.com, fat-finger
0.713, concoerdiukm.com, fat-finger
0.791, concoerdium.com, fat-finger
0.742, concoerdiumm.com, fat-finger
0.745, concoerdiun.com, fat-finger
0.742, concoerdiunm.com, fat-finger
0.742, concoerdiuum.com, fat-finger
0.745, concoerdiym.com, fat-finger
0.742, concoerdiyum.com, fat-finger
0.742, concoerdoium.com, fat-finger
0.745, concoerdoum.com, fat-finger
0.713, concoerdpium.com, fat-finger
0.717, concoerdpum.com, fat-finger
0.742, concoerduium.com, fat-finger
0.745, concoerduum.com, fat-finger
0.837, concofdiim.com, fat-finger
0.712, concofdiium.com, fat-finger
0.837, concofdiom.com, fat-finger
0.712, concofdioum.com, fat-finger
0.803, concofdiuj.com, fat-finger
0.688, concofdiujm.com, fat-finger
0.803, concofdiuk.com, fat-finger
0.688, concofdiukm.com, fat-finger
0.902, concofdium.com, misspelling
0.712, concofdiumm.com, fat-finger
0.837, concofdiun.com, fat-finger
0.712, concofdiunm.com, fat-finger
0.712, concofdiuum.com, fat-finger
0.837, concofdiym.com, fat-finger
0.712, concofdiyum.com, fat-finger
0.712, concofdoium.com, fat-finger
0.837, concofdoum.com, fat-finger
0.688, concofdpium.com, fat-finger
0.813, concofdpum.com, fat-finger
0.712, concofduium.com, fat-finger
0.837, concofduum.com, fat-finger
0.717, concofrdiim.com, fat-finger
0.713, concofrdiium.com, fat-finger
0.717, concofrdiom.com, fat-finger
0.713, concofrdioum.com, fat-finger
0.688, concofrdiuj.com, fat-finger
0.692, concofrdiujm.com, fat-finger
0.688, concofrdiuk.com, fat-finger
0.692, concofrdiukm.com, fat-finger
0.762, concofrdium.com, fat-finger
0.713, concofrdiumm.com, fat-finger
0.717, concofrdiun.com, fat-finger
0.713, concofrdiunm.com, fat-finger
0.713, concofrdiuum.com, fat-finger
0.717, concofrdiym.com, fat-finger
0.713, concofrdiyum.com, fat-finger
0.713, concofrdoium.com, fat-finger
0.717, concofrdoum.com, fat-finger
0.692, concofrdpium.com, fat-finger
0.695, concofrdpum.com, fat-finger
0.713, concofrduium.com, fat-finger
0.717, concofrduum.com, fat-finger
0.852, concond1um.com, 1337speak
0.902, concondium.com, 1337speak
0.837, concondiun.com, 1337speak
0.813, concondivm.com, 1337speak
0.813, concondlum.com, 1337speak
0.742, concoorddium.com, fat-finger
0.700, concoorddiuum.com, fat-finger
0.745, concoordiim.com, fat-finger
0.742, concoordiium.com, fat-finger
0.745, concoordiom.com, fat-finger
0.742, concoordioum.com, fat-finger
0.712, concoordiuj.com, fat-finger
0.713, concoordiujm.com, fat-finger
0.712, concoordiuk.com, fat-finger
0.713, concoordiukm.com, fat-finger
0.791, concoordium.com, fat-finger
0.742, concoordiumm.com, fat-finger
0.745, concoordiun.com, fat-finger
0.742, concoordiunm.com, fat-finger
0.742, concoordiuum.com, fat-finger
0.745, concoordiym.com, fat-finger
0.742, concoordiyum.com, fat-finger
0.742, concoordoium.com, fat-finger
0.745, concoordoum.com, fat-finger
0.713, concoordpium.com, fat-finger
0.717, concoordpum.com, fat-finger
0.742, concoorduium.com, fat-finger
0.745, concoorduum.com, fat-finger
0.742, concooredium.com, fat-finger
0.712, concooreium.com, fat-finger
0.713, concoorfdium.com, fat-finger
0.712, concoorfium.com, fat-finger
0.713, concoorsdium.com, fat-finger
0.712, concoorsium.com, fat-finger
0.713, concoorxdium.com, fat-finger
0.712, concoorxium.com, fat-finger
0.902, concorbium.com, 1337speak
0.837, concorbiun.com, 1337speak
0.813, concorbivm.com, 1337speak
0.950, concord1um.com, 1337speak
0.885, concord1un.com, 1337speak
0.935, concordaum.com, misspelling
0.745, concorddiim.com, fat-finger
0.742, concorddiium.com, fat-finger
0.745, concorddiom.com, fat-finger
0.742, concorddioum.com, fat-finger
0.712, concorddiuj.com, fat-finger
0.713, concorddiujm.com, fat-finger
0.712, concorddiuk.com, fat-finger
0.713, concorddiukm.com, fat-finger
0.791, concorddium.com, fat-finger
0.742, concorddiumm.com, fat-finger
0.745, concorddiun.com, fat-finger
0.742, concorddiunm.com, fat-finger
0.742, concorddiuum.com, fat-finger
0.745, concorddiym.com, fat-finger
0.742, concorddiyum.com, fat-finger
0.935, concordeum.com, misspelling
0.935, concordiam.com, misspelling
0.935, concordiem.com, misspelling
0.935, concordiim.com, misspelling
0.712, concordiiuj.com, fat-finger
0.713, concordiiujm.com, fat-finger
0.712, concordiiuk.com, fat-finger
0.713, concordiiukm.com, fat-finger
0.791, concordiium.com, fat-finger
0.742, concordiiumm.com, fat-finger
0.745, concordiiun.com, fat-finger
0.742, concordiiunm.com, fat-finger
0.785, concordim.com, misspelling
0.870, concordimu.com, misspelling
0.935, concordiom.com, misspelling
0.791, concordioum.com, fat-finger
0.906, concordirm.com, misspelling
0.837, concordiru.com, misspelling
0.713, concordiruem.com, misspelling
0.762, concordirum.com, misspelling
0.752, concordiu.com, misspelling
0.791, concordiuam.com, misspelling
0.902, concordiuj.com, misspelling
0.762, concordiujm.com, fat-finger
0.902, concordiuk.com, misspelling
0.762, concordiukm.com, fat-finger
0.791, concordiumm.com, fat-finger
0.935, concordiun.com, 1337speak
0.791, concordiunm.com, fat-finger
0.791, concordiuum.com, fat-finger
0.685, concordiuμ.com, mixed-encodings
0.685, concordiuм.com, mixed-encodings
0.685, concordiuｍ.com, mixed-encodings
0.906, concordivm.com, 1337speak
0.935, concordiym.com, misspelling
0.791, concordiyum.com, fat-finger
0.698, concordiυm.com, mixed-encodings
0.633, concordiυμ.com, mixed-encodings
0.633, concordiυм.com, mixed-encodings
0.698, concordiｕm.com, mixed-encodings
0.637, concordiｕμ.com, mixed-encodings
0.637, concordiｕм.com, mixed-encodings
0.906, concordlum.com, 1337speak
0.841, concordlun.com, 1337speak
0.713, concordniaum.com, misspelling
0.841, concordnim.com, misspelling
0.855, concordniu.com, misspelling
0.713, concordniuem.com, misspelling
0.762, concordnium.com, misspelling
0.906, concordnum.com, misspelling
0.712, concordoiuj.com, fat-finger
0.713, concordoiujm.com, fat-finger
0.712, concordoiuk.com, fat-finger
0.713, concordoiukm.com, fat-finger
0.791, concordoium.com, fat-finger
0.742, concordoiumm.com, fat-finger
0.745, concordoiun.com, fat-finger
0.742, concordoiunm.com, fat-finger
0.837, concordouj.com, fat-finger
0.717, concordoujm.com, fat-finger
0.837, concordouk.com, fat-finger
0.717, concordoukm.com, fat-finger
0.935, concordoum.com, misspelling
0.745, concordoumm.com, fat-finger
0.870, concordoun.com, fat-finger
0.745, concordounm.com, fat-finger
0.688, concordpiuj.com, fat-finger
0.692, concordpiujm.com, fat-finger
0.688, concordpiuk.com, fat-finger
0.692, concordpiukm.com, fat-finger
0.762, concordpium.com, fat-finger
0.713, concordpiumm.com, fat-finger
0.717, concordpiun.com, fat-finger
0.713, concordpiunm.com, fat-finger
0.813, concordpuj.com, fat-finger
0.695, concordpujm.com, fat-finger
0.813, concordpuk.com, fat-finger
0.695, concordpukm.com, fat-finger
0.906, concordpum.com, misspelling
0.717, concordpumm.com, fat-finger
0.841, concordpun.com, fat-finger
0.717, concordpunm.com, fat-finger
0.687, concordu.com, misspelling
0.870, concorduim.com, misspelling
0.712, concorduiuj.com, fat-finger
0.713, concorduiujm.com, fat-finger
0.712, concorduiuk.com, fat-finger
0.713, concorduiukm.com, fat-finger
0.791, concorduium.com, fat-finger
0.742, concorduiumm.com, fat-finger
0.745, concorduiun.com, fat-finger
0.742, concorduiunm.com, fat-finger
0.785, concordum.com, misspelling
0.841, concordurm.com, misspelling
0.837, concorduuj.com, fat-finger
0.717, concorduujm.com, fat-finger
0.837, concorduuk.com, fat-finger
0.717, concorduukm.com, fat-finger
0.935, concorduum.com, misspelling
0.745, concorduumm.com, fat-finger
0.870, concorduun.com, fat-finger
0.745, concorduunm.com, fat-finger
0.698, concordιum.com, mixed-encodings
0.633, concordιuμ.com, mixed-encodings
0.633, concordιuм.com, mixed-encodings
0.647, concordιυm.com, mixed-encodings
0.651, concordιｕm.com, mixed-encodings
0.698, concordіum.com, mixed-encodings
0.633, concordіuμ.com, mixed-encodings
0.633, concordіuм.com, mixed-encodings
0.647, concordіυm.com, mixed-encodings
0.651, concordіｕm.com, mixed-encodings
0.698, concordｉum.com, mixed-encodings
0.745, concorediim.com, fat-finger
0.742, concorediium.com, fat-finger
0.745, concorediom.com, fat-finger
0.742, concoredioum.com, fat-finger
0.712, concorediuj.com, fat-finger
0.713, concorediujm.com, fat-finger
0.712, concorediuk.com, fat-finger
0.713, concorediukm.com, fat-finger
0.791, concoredium.com, fat-finger
0.742, concorediumm.com, fat-finger
0.745, concorediun.com, fat-finger
0.742, concorediunm.com, fat-finger
0.742, concorediuum.com, fat-finger
0.745, concorediym.com, fat-finger
0.742, concorediyum.com, fat-finger
0.837, concoreiim.com, fat-finger
0.712, concoreiium.com, fat-finger
0.837, concoreiom.com, fat-finger
0.712, concoreioum.com, fat-finger
0.803, concoreiuj.com, fat-finger
0.712, concoreiujm.com, fat-finger
0.803, concoreiuk.com, fat-finger
0.712, concoreiukm.com, fat-finger
0.902, concoreium.com, misspelling
0.712, concoreiumm.com, fat-finger
0.837, concoreiun.com, fat-finger
0.712, concoreiunm.com, fat-finger
0.712, concoreiuum.com, fat-finger
0.837, concoreiym.com, fat-finger
0.712, concoreiyum.com, fat-finger
0.717, concorfdiim.com, fat-finger
0.713, concorfdiium.com, fat-finger
0.717, concorfdiom.com, fat-finger
0.713, concorfdioum.com, fat-finger
0.688, concorfdiuj.com, fat-finger
0.692, concorfdiujm.com, fat-finger
0.688, concorfdiuk.com, fat-finger
0.692, concorfdiukm.com, fat-finger
0.762, concorfdium.com, fat-finger
0.713, concorfdiumm.com, fat-finger
0.717, concorfdiun.com, fat-finger
0.713, concorfdiunm.com, fat-finger
0.713, concorfdiuum.com, fat-finger
0.717, concorfdiym.com, fat-finger
0.713, concorfdiyum.com, fat-finger
0.837, concorfiim.com, fat-finger
0.712, concorfiium.com, fat-finger
0.837, concorfiom.com, fat-finger
0.712, concorfioum.com, fat-finger
0.803, concorfiuj.com, fat-finger
0.688, concorfiujm.com, fat-finger
0.803, concorfiuk.com, fat-finger
0.688, concorfiukm.com, fat-finger
0.902, concorfium.com, misspelling
0.712, concorfiumm.com, fat-finger
0.837, concorfiun.com, fat-finger
0.712, concorfiunm.com, fat-finger
0.712, concorfiuum.com, fat-finger
0.837, concorfiym.com, fat-finger
0.712, concorfiyum.com, fat-finger
0.870, concoridum.com, misspelling
0.687, concorim.com, misspelling
0.837, concorinum.com, misspelling
0.752, concorium.com, misspelling
0.745, concorrdiim.com, fat-finger
0.742, concorrdiium.com, fat-finger
0.745, concorrdiom.com, fat-finger
0.742, concorrdioum.com, fat-finger
0.712, concorrdiuj.com, fat-finger
0.713, concorrdiujm.com, fat-finger
0.712, concorrdiuk.com, fat-finger
0.713, concorrdiukm.com, fat-finger
0.791, concorrdium.com, fat-finger
0.742, concorrdiumm.com, fat-finger
0.745, concorrdiun.com, fat-finger
0.742, concorrdiunm.com, fat-finger
0.742, concorrdiuum.com, fat-finger
0.745, concorrdiym.com, fat-finger
0.742, concorrdiyum.com, fat-finger
0.742, concorrdoium.com, fat-finger
0.745, concorrdoum.com, fat-finger
0.713, concorrdpium.com, fat-finger
0.717, concorrdpum.com, fat-finger
0.742, concorrduium.com, fat-finger
0.745, concorrduum.com, fat-finger
0.717, concorsdiim.com, fat-finger
0.713, concorsdiium.com, fat-finger
0.717, concorsdiom.com, fat-finger
0.713, concorsdioum.com, fat-finger
0.688, concorsdiuj.com, fat-finger
0.692, concorsdiujm.com, fat-finger
0.688, concorsdiuk.com, fat-finger
0.692, concorsdiukm.com, fat-finger
0.762, concorsdium.com, fat-finger
0.713, concorsdiumm.com, fat-finger
0.717, concorsdiun.com, fat-finger
0.713, concorsdiunm.com, fat-finger
0.713, concorsdiuum.com, fat-finger
0.717, concorsdiym.com, fat-finger
0.713, concorsdiyum.com, fat-finger
0.837, concorsiim.com, fat-finger
0.712, concorsiium.com, fat-finger
0.837, concorsiom.com, fat-finger
0.712, concorsioum.com, fat-finger
0.803, concorsiuj.com, fat-finger
0.688, concorsiujm.com, fat-finger
0.803, concorsiuk.com, fat-finger
0.688, concorsiukm.com, fat-finger
0.902, concorsium.com, misspelling
0.712, concorsiumm.com, fat-finger
0.837, concorsiun.com, fat-finger
0.712, concorsiunm.com, fat-finger
0.712, concorsiuum.com, fat-finger
0.837, concorsiym.com, fat-finger
0.712, concorsiyum.com, fat-finger
0.742, concortdiaum.com, misspelling
0.855, concortdim.com, misspelling
0.791, concortdium.com, misspelling
0.713, concortdrium.com, misspelling
0.870, concortdum.com, misspelling
0.935, concortium.com, misspelling
0.717, concorxdiim.com, fat-finger
0.713, concorxdiium.com, fat-finger
0.717, concorxdiom.com, fat-finger
0.713, concorxdioum.com, fat-finger
0.688, concorxdiuj.com, fat-finger
0.692, concorxdiujm.com, fat-finger
0.688, concorxdiuk.com, fat-finger
0.692, concorxdiukm.com, fat-finger
0.762, concorxdium.com, fat-finger
0.713, concorxdiumm.com, fat-finger
0.717, concorxdiun.com, fat-finger
0.713, concorxdiunm.com, fat-finger
0.713, concorxdiuum.com, fat-finger
0.717, concorxdiym.com, fat-finger
0.713, concorxdiyum.com, fat-finger
0.837, concorxiim.com, fat-finger
0.712, concorxiium.com, fat-finger
0.837, concorxiom.com, fat-finger
0.712, concorxioum.com, fat-finger
0.803, concorxiuj.com, fat-finger
0.688, concorxiujm.com, fat-finger
0.803, concorxiuk.com, fat-finger
0.688, concorxiukm.com, fat-finger
0.902, concorxium.com, misspelling
0.712, concorxiumm.com, fat-finger
0.837, concorxiun.com, fat-finger
0.712, concorxiunm.com, fat-finger
0.712, concorxiuum.com, fat-finger
0.837, concorxiym.com, fat-finger
0.712, concorxiyum.com, fat-finger
0.685, concorдium.com, mixed-encodings
0.620, concorдiuμ.com, mixed-encodings
0.620, concorдiuм.com, mixed-encodings
0.633, concorдiυm.com, mixed-encodings
0.637, concorдiｕm.com, mixed-encodings
0.633, concorдιum.com, mixed-encodings
0.633, concorдіum.com, mixed-encodings
0.685, concorｄium.com, mixed-encodings
0.624, concorｄiuμ.com, mixed-encodings
0.624, concorｄiuм.com, mixed-encodings
0.637, concorｄiυm.com, mixed-encodings
0.641, concorｄiｕm.com, mixed-encodings
0.637, concorｄιum.com, mixed-encodings
0.637, concorｄіum.com, mixed-encodings
0.902, concosdium.com, misspelling
0.762, concosrdium.com, misspelling
0.692, concosrdrium.com, misspelling
0.826, concosrdum.com, misspelling
0.803, concosrium.com, misspelling
0.692, concosrndium.com, misspelling
0.837, concotdiim.com, fat-finger
0.712, concotdiium.com, fat-finger
0.837, concotdiom.com, fat-finger
0.712, concotdioum.com, fat-finger
0.803, concotdiuj.com, fat-finger
0.679, concotdiujm.com, fat-finger
0.803, concotdiuk.com, fat-finger
0.679, concotdiukm.com, fat-finger
0.902, concotdium.com, misspelling
0.712, concotdiumm.com, fat-finger
0.837, concotdiun.com, fat-finger
0.712, concotdiunm.com, fat-finger
0.712, concotdiuum.com, fat-finger
0.837, concotdiym.com, fat-finger
0.712, concotdiyum.com, fat-finger
0.712, concotdoium.com, fat-finger
0.837, concotdoum.com, fat-finger
0.679, concotdpium.com, fat-finger
0.803, concotdpum.com, fat-finger
0.712, concotduium.com, fat-finger
0.837, concotduum.com, fat-finger
0.717, concotrdiim.com, fat-finger
0.713, concotrdiium.com, fat-finger
0.717, concotrdiom.com, fat-finger
0.713, concotrdioum.com, fat-finger
0.688, concotrdiuj.com, fat-finger
0.692, concotrdiujm.com, fat-finger
0.688, concotrdiuk.com, fat-finger
0.692, concotrdiukm.com, fat-finger
0.762, concotrdium.com, fat-finger
0.713, concotrdiumm.com, fat-finger
0.717, concotrdiun.com, fat-finger
0.713, concotrdiunm.com, fat-finger
0.713, concotrdiuum.com, fat-finger
0.717, concotrdiym.com, fat-finger
0.713, concotrdiyum.com, fat-finger
0.713, concotrdoium.com, fat-finger
0.717, concotrdoum.com, fat-finger
0.692, concotrdpium.com, fat-finger
0.695, concotrdpum.com, fat-finger
0.713, concotrduium.com, fat-finger
0.717, concotrduum.com, fat-finger
0.685, concoρdium.com, mixed-encodings
0.620, concoρdiuμ.com, mixed-encodings
0.620, concoρdiuм.com, mixed-encodings
0.633, concoρdiυm.com, mixed-encodings
0.637, concoρdiｕm.com, mixed-encodings
0.633, concoρdιum.com, mixed-encodings
0.633, concoρdіum.com, mixed-encodings
0.620, concoρдium.com, mixed-encodings
0.624, concoρｄium.com, mixed-encodings
0.685, concoгdium.com, mixed-encodings
0.620, concoгdiuμ.com, mixed-encodings
0.620, concoгdiuм.com, mixed-encodings
0.633, concoгdiυm.com, mixed-encodings
0.637, concoгdiｕm.com, mixed-encodings
0.633, concoгdιum.com, mixed-encodings
0.633, concoгdіum.com, mixed-encodings
0.576, concoгdіuм.com, mixed-encodings
0.620, concoгдium.com, mixed-encodings
0.624, concoгｄium.com, mixed-encodings
0.685, concoｒdium.com, mixed-encodings
0.713, concporddium.com, fat-finger
0.717, concpordiim.com, fat-finger
0.713, concpordiium.com, fat-finger
0.717, concpordiom.com, fat-finger
0.713, concpordioum.com, fat-finger
0.688, concpordiuj.com, fat-finger
0.692, concpordiujm.com, fat-finger
0.688, concpordiuk.com, fat-finger
0.692, concpordiukm.com, fat-finger
0.762, concpordium.com, fat-finger
0.713, concpordiumm.com, fat-finger
0.717, concpordiun.com, fat-finger
0.713, concpordiunm.com, fat-finger
0.713, concpordiuum.com, fat-finger
0.717, concpordiym.com, fat-finger
0.713, concpordiyum.com, fat-finger
0.713, concpordoium.com, fat-finger
0.717, concpordoum.com, fat-finger
0.692, concpordpium.com, fat-finger
0.695, concpordpum.com, fat-finger
0.713, concporduium.com, fat-finger
0.717, concporduum.com, fat-finger
0.713, concporedium.com, fat-finger
0.679, concporeium.com, fat-finger
0.692, concporfdium.com, fat-finger
0.688, concporfium.com, fat-finger
0.692, concporsdium.com, fat-finger
0.688, concporsium.com, fat-finger
0.692, concporxdium.com, fat-finger
0.688, concporxium.com, fat-finger
0.717, concprddium.com, fat-finger
0.841, concprdiim.com, fat-finger
0.717, concprdiium.com, fat-finger
0.841, concprdiom.com, fat-finger
0.717, concprdioum.com, fat-finger
0.813, concprdiuj.com, fat-finger
0.695, concprdiujm.com, fat-finger
0.813, concprdiuk.com, fat-finger
0.695, concprdiukm.com, fat-finger
0.906, concprdium.com, misspelling
0.717, concprdiumm.com, fat-finger
0.841, concprdiun.com, fat-finger
0.717, concprdiunm.com, fat-finger
0.717, concprdiuum.com, fat-finger
0.841, concprdiym.com, fat-finger
0.717, concprdiyum.com, fat-finger
0.717, concprdoium.com, fat-finger
0.841, concprdoum.com, fat-finger
0.695, concprdpium.com, fat-finger
0.820, concprdpum.com, fat-finger
0.717, concprduium.com, fat-finger
0.841, concprduum.com, fat-finger
0.717, concpredium.com, fat-finger
0.803, concpreium.com, fat-finger
0.695, concprfdium.com, fat-finger
0.813, concprfium.com, fat-finger
0.695, concprsdium.com, fat-finger
0.813, concprsium.com, fat-finger
0.695, concprxdium.com, fat-finger
0.813, concprxium.com, fat-finger
0.837, concqrbium.com, 1337speak
0.885, concqrd1um.com, 1337speak
0.935, concqrdium.com, 1337speak
0.870, concqrdiun.com, 1337speak
0.841, concqrdivm.com, 1337speak
0.841, concqrdlum.com, 1337speak
0.785, concrdium.com, misspelling
0.687, concrium.com, misspelling
0.870, concrodium.com, misspelling
0.841, concrsdium.com, misspelling
0.837, concuodium.com, misspelling
0.791, concuordium.com, misspelling
0.822, concuorium.com, misspelling
0.713, concuorndium.com, misspelling
0.713, concuotrdium.com, misspelling
0.935, concurdium.com, misspelling
0.698, concοrdium.com, mixed-encodings
0.633, concοrdiuμ.com, mixed-encodings
0.633, concοrdiuм.com, mixed-encodings
0.647, concοrdiυm.com, mixed-encodings
0.651, concοrdiｕm.com, mixed-encodings
0.647, concοrdιum.com, mixed-encodings
0.647, concοrdіum.com, mixed-encodings
0.633, concοrдium.com, mixed-encodings
0.637, concοrｄium.com, mixed-encodings
0.633, concορdium.com, mixed-encodings
0.633, concοгdium.com, mixed-encodings
0.698, concоrdium.com, mixed-encodings
0.633, concоrdiuμ.com, mixed-encodings
0.633, concоrdiuм.com, mixed-encodings
0.647, concоrdiυm.com, mixed-encodings
0.651, concоrdiｕm.com, mixed-encodings
0.647, concоrdιum.com, mixed-encodings
0.647, concоrdіum.com, mixed-encodings
0.590, concоrdіuм.com, mixed-encodings
0.633, concоrдium.com, mixed-encodings
0.576, concоrдiuм.com, mixed-encodings
0.590, concоrдiυm.com, mixed-encodings
0.637, concоrｄium.com, mixed-encodings
0.633, concоρdium.com, mixed-encodings
0.633, concогdium.com, mixed-encodings
0.698, concｏrdium.com, mixed-encodings
0.679, condcoedium.com, fat-finger
0.713, condcoerdium.com, fat-finger
0.688, condcofdium.com, fat-finger
0.692, condcofrdium.com, fat-finger
0.713, condcorddium.com, fat-finger
0.717, condcordiim.com, fat-finger
0.713, condcordiium.com, fat-finger
0.717, condcordiom.com, fat-finger
0.713, condcordioum.com, fat-finger
0.688, condcordiuj.com, fat-finger
0.692, condcordiujm.com, fat-finger
0.688, condcordiuk.com, fat-finger
0.692, condcordiukm.com, fat-finger
0.762, condcordium.com, fat-finger
0.713, condcordiumm.com, fat-finger
0.717, condcordiun.com, fat-finger
0.713, condcordiunm.com, fat-finger
0.713, condcordiuum.com, fat-finger
0.717, condcordiym.com, fat-finger
0.713, condcordiyum.com, fat-finger
0.713, condcordoium.com, fat-finger
0.717, condcordoum.com, fat-finger
0.692, condcordpium.com, fat-finger
0.695, condcordpum.com, fat-finger
0.713, condcorduium.com, fat-finger
0.717, condcorduum.com, fat-finger
0.713, condcoredium.com, fat-finger
0.679, condcoreium.com, fat-finger
0.692, condcorfdium.com, fat-finger
0.688, condcorfium.com, fat-finger
0.713, condcorrdium.com, fat-finger
0.692, condcorsdium.com, fat-finger
0.688, condcorsium.com, fat-finger
0.692, condcorxdium.com, fat-finger
0.688, condcorxium.com, fat-finger
0.679, condcotdium.com, fat-finger
0.692, condcotrdium.com, fat-finger
0.803, condoedium.com, fat-finger
0.712, condoerdium.com, fat-finger
0.803, condofdium.com, fat-finger
0.688, condofrdium.com, fat-finger
0.712, condorddium.com, fat-finger
0.837, condordiim.com, fat-finger
0.712, condordiium.com, fat-finger
0.837, condordiom.com, fat-finger
0.712, condordioum.com, fat-finger
0.803, condordiuj.com, fat-finger
0.688, condordiujm.com, fat-finger
0.803, condordiuk.com, fat-finger
0.688, condordiukm.com, fat-finger
0.902, condordium.com, misspelling
0.712, condordiumm.com, fat-finger
0.837, condordiun.com, fat-finger
0.712, condordiunm.com, fat-finger
0.712, condordiuum.com, fat-finger
0.837, condordiym.com, fat-finger
0.712, condordiyum.com, fat-finger
0.712, condordoium.com, fat-finger
0.837, condordoum.com, fat-finger
0.688, condordpium.com, fat-finger
0.813, condordpum.com, fat-finger
0.712, condorduium.com, fat-finger
0.837, condorduum.com, fat-finger
0.712, condoredium.com, fat-finger
0.803, condoreium.com, fat-finger
0.688, condorfdium.com, fat-finger
0.803, condorfium.com, fat-finger
0.712, condorrdium.com, fat-finger
0.688, condorsdium.com, fat-finger
0.803, condorsium.com, fat-finger
0.688, condorxdium.com, fat-finger
0.803, condorxium.com, fat-finger
0.803, condotdium.com, fat-finger
0.688, condotrdium.com, fat-finger
0.679, confcoedium.com, fat-finger
0.713, confcoerdium.com, fat-finger
0.688, confcofdium.com, fat-finger
0.692, confcofrdium.com, fat-finger
0.713, confcorddium.com, fat-finger
0.717, confcordiim.com, fat-finger
0.713, confcordiium.com, fat-finger
0.717, confcordiom.com, fat-finger
0.713, confcordioum.com, fat-finger
0.688, confcordiuj.com, fat-finger
0.692, confcordiujm.com, fat-finger
0.688, confcordiuk.com, fat-finger
0.692, confcordiukm.com, fat-finger
0.762, confcordium.com, fat-finger
0.713, confcordiumm.com, fat-finger
0.717, confcordiun.com, fat-finger
0.713, confcordiunm.com, fat-finger
0.713, confcordiuum.com, fat-finger
0.717, confcordiym.com, fat-finger
0.713, confcordiyum.com, fat-finger
0.713, confcordoium.com, fat-finger
0.717, confcordoum.com, fat-finger
0.692, confcordpium.com, fat-finger
0.695, confcordpum.com, fat-finger
0.713, confcorduium.com, fat-finger
0.717, confcorduum.com, fat-finger
0.713, confcoredium.com, fat-finger
0.679, confcoreium.com, fat-finger
0.692, confcorfdium.com, fat-finger
0.688, confcorfium.com, fat-finger
0.713, confcorrdium.com, fat-finger
0.692, confcorsdium.com, fat-finger
0.688, confcorsium.com, fat-finger
0.692, confcorxdium.com, fat-finger
0.688, confcorxium.com, fat-finger
0.679, confcotdium.com, fat-finger
0.692, confcotrdium.com, fat-finger
0.803, confoedium.com, fat-finger
0.712, confoerdium.com, fat-finger
0.803, confofdium.com, fat-finger
0.688, confofrdium.com, fat-finger
0.712, conforddium.com, fat-finger
0.837, confordiim.com, fat-finger
0.712, confordiium.com, fat-finger
0.837, confordiom.com, fat-finger
0.712, confordioum.com, fat-finger
0.803, confordiuj.com, fat-finger
0.688, confordiujm.com, fat-finger
0.803, confordiuk.com, fat-finger
0.688, confordiukm.com, fat-finger
0.902, confordium.com, misspelling
0.712, confordiumm.com, fat-finger
0.837, confordiun.com, fat-finger
0.712, confordiunm.com, fat-finger
0.712, confordiuum.com, fat-finger
0.837, confordiym.com, fat-finger
0.712, confordiyum.com, fat-finger
0.712, confordoium.com, fat-finger
0.837, confordoum.com, fat-finger
0.688, confordpium.com, fat-finger
0.813, confordpum.com, fat-finger
0.712, conforduium.com, fat-finger
0.837, conforduum.com, fat-finger
0.712, conforedium.com, fat-finger
0.803, conforeium.com, fat-finger
0.688, conforfdium.com, fat-finger
0.803, conforfium.com, fat-finger
0.712, conforrdium.com, fat-finger
0.688, conforsdium.com, fat-finger
0.803, conforsium.com, fat-finger
0.688, conforxdium.com, fat-finger
0.803, conforxium.com, fat-finger
0.803, confotdium.com, fat-finger
0.688, confotrdium.com, fat-finger
0.742, connciordium.com, fat-finger
0.745, conncirdium.com, fat-finger
0.712, conncoedium.com, fat-finger
0.742, conncoerdium.com, fat-finger
0.712, conncofdium.com, fat-finger
0.713, conncofrdium.com, fat-finger
0.700, conncoorddium.com, fat-finger
0.742, conncoordium.com, fat-finger
0.700, conncoordiuum.com, fat-finger
0.742, conncorddium.com, fat-finger
0.700, conncorddiuum.com, fat-finger
0.745, conncordiim.com, fat-finger
0.742, conncordiium.com, fat-finger
0.745, conncordiom.com, fat-finger
0.742, conncordioum.com, fat-finger
0.712, conncordiuj.com, fat-finger
0.713, conncordiujm.com, fat-finger
0.712, conncordiuk.com, fat-finger
0.713, conncordiukm.com, fat-finger
0.791, conncordium.com, fat-finger
0.742, conncordiumm.com, fat-finger
0.745, conncordiun.com, fat-finger
0.742, conncordiunm.com, fat-finger
0.742, conncordiuum.com, fat-finger
0.745, conncordiym.com, fat-finger
0.742, conncordiyum.com, fat-finger
0.742, conncordoium.com, fat-finger
0.745, conncordoum.com, fat-finger
0.713, conncordpium.com, fat-finger
0.717, conncordpum.com, fat-finger
0.742, conncorduium.com, fat-finger
0.745, conncorduum.com, fat-finger
0.742, conncoredium.com, fat-finger
0.712, conncoreium.com, fat-finger
0.713, conncorfdium.com, fat-finger
0.712, conncorfium.com, fat-finger
0.742, conncorrdium.com, fat-finger
0.713, conncorsdium.com, fat-finger
0.712, conncorsium.com, fat-finger
0.713, conncorxdium.com, fat-finger
0.712, conncorxium.com, fat-finger
0.712, conncotdium.com, fat-finger
0.713, conncotrdium.com, fat-finger
0.713, conncpordium.com, fat-finger
0.717, conncprdium.com, fat-finger
0.822, conocodium.com, misspelling
0.791, conocordium.com, misspelling
0.713, conocotrdium.com, misspelling
0.870, conocrdium.com, misspelling
0.742, conocsordium.com, misspelling
0.653, conodium.com, misspelling
0.902, conoordium.com, misspelling
0.752, conordium.com, misspelling
0.837, conourdium.com, misspelling
0.679, convcoedium.com, fat-finger
0.713, convcoerdium.com, fat-finger
0.688, convcofdium.com, fat-finger
0.692, convcofrdium.com, fat-finger
0.713, convcorddium.com, fat-finger
0.717, convcordiim.com, fat-finger
0.713, convcordiium.com, fat-finger
0.717, convcordiom.com, fat-finger
0.713, convcordioum.com, fat-finger
0.688, convcordiuj.com, fat-finger
0.692, convcordiujm.com, fat-finger
0.688, convcordiuk.com, fat-finger
0.692, convcordiukm.com, fat-finger
0.762, convcordium.com, fat-finger
0.713, convcordiumm.com, fat-finger
0.717, convcordiun.com, fat-finger
0.713, convcordiunm.com, fat-finger
0.713, convcordiuum.com, fat-finger
0.717, convcordiym.com, fat-finger
0.713, convcordiyum.com, fat-finger
0.713, convcordoium.com, fat-finger
0.717, convcordoum.com, fat-finger
0.692, convcordpium.com, fat-finger
0.695, convcordpum.com, fat-finger
0.713, convcorduium.com, fat-finger
0.717, convcorduum.com, fat-finger
0.713, convcoredium.com, fat-finger
0.679, convcoreium.com, fat-finger
0.692, convcorfdium.com, fat-finger
0.688, convcorfium.com, fat-finger
0.713, convcorrdium.com, fat-finger
0.692, convcorsdium.com, fat-finger
0.688, convcorsium.com, fat-finger
0.692, convcorxdium.com, fat-finger
0.688, convcorxium.com, fat-finger
0.679, convcotdium.com, fat-finger
0.692, convcotrdium.com, fat-finger
0.803, convoedium.com, fat-finger
0.712, convoerdium.com, fat-finger
0.803, convofdium.com, fat-finger
0.688, convofrdium.com, fat-finger
0.712, convorddium.com, fat-finger
0.837, convordiim.com, fat-finger
0.712, convordiium.com, fat-finger
0.837, convordiom.com, fat-finger
0.712, convordioum.com, fat-finger
0.803, convordiuj.com, fat-finger
0.688, convordiujm.com, fat-finger
0.803, convordiuk.com, fat-finger
0.688, convordiukm.com, fat-finger
0.902, convordium.com, misspelling
0.712, convordiumm.com, fat-finger
0.837, convordiun.com, fat-finger
0.712, convordiunm.com, fat-finger
0.712, convordiuum.com, fat-finger
0.837, convordiym.com, fat-finger
0.712, convordiyum.com, fat-finger
0.712, convordoium.com, fat-finger
0.837, convordoum.com, fat-finger
0.688, convordpium.com, fat-finger
0.813, convordpum.com, fat-finger
0.712, convorduium.com, fat-finger
0.837, convorduum.com, fat-finger
0.712, convoredium.com, fat-finger
0.803, convoreium.com, fat-finger
0.688, convorfdium.com, fat-finger
0.803, convorfium.com, fat-finger
0.712, convorrdium.com, fat-finger
0.688, convorsdium.com, fat-finger
0.803, convorsium.com, fat-finger
0.688, convorxdium.com, fat-finger
0.803, convorxium.com, fat-finger
0.803, convotdium.com, fat-finger
0.688, convotrdium.com, fat-finger
0.712, conxcoedium.com, fat-finger
0.742, conxcoerdium.com, fat-finger
0.712, conxcofdium.com, fat-finger
0.713, conxcofrdium.com, fat-finger
0.742, conxcorddium.com, fat-finger
0.745, conxcordiim.com, fat-finger
0.742, conxcordiium.com, fat-finger
0.745, conxcordiom.com, fat-finger
0.742, conxcordioum.com, fat-finger
0.712, conxcordiuj.com, fat-finger
0.713, conxcordiujm.com, fat-finger
0.712, conxcordiuk.com, fat-finger
0.713, conxcordiukm.com, fat-finger
0.791, conxcordium.com, fat-finger
0.742, conxcordiumm.com, fat-finger
0.745, conxcordiun.com, fat-finger
0.742, conxcordiunm.com, fat-finger
0.742, conxcordiuum.com, fat-finger
0.745, conxcordiym.com, fat-finger
0.742, conxcordiyum.com, fat-finger
0.742, conxcordoium.com, fat-finger
0.745, conxcordoum.com, fat-finger
0.713, conxcordpium.com, fat-finger
0.717, conxcordpum.com, fat-finger
0.742, conxcorduium.com, fat-finger
0.745, conxcorduum.com, fat-finger
0.742, conxcoredium.com, fat-finger
0.712, conxcoreium.com, fat-finger
0.713, conxcorfdium.com, fat-finger
0.712, conxcorfium.com, fat-finger
0.742, conxcorrdium.com, fat-finger
0.713, conxcorsdium.com, fat-finger
0.712, conxcorsium.com, fat-finger
0.713, conxcorxdium.com, fat-finger
0.712, conxcorxium.com, fat-finger
0.712, conxcotdium.com, fat-finger
0.713, conxcotrdium.com, fat-finger
0.837, conxoedium.com, fat-finger
0.745, conxoerdium.com, fat-finger
0.837, conxofdium.com, fat-finger
0.717, conxofrdium.com, fat-finger
0.745, conxorddium.com, fat-finger
0.870, conxordiim.com, fat-finger
0.745, conxordiium.com, fat-finger
0.870, conxordiom.com, fat-finger
0.745, conxordioum.com, fat-finger
0.837, conxordiuj.com, fat-finger
0.717, conxordiujm.com, fat-finger
0.837, conxordiuk.com, fat-finger
0.717, conxordiukm.com, fat-finger
0.935, conxordium.com, misspelling
0.745, conxordiumm.com, fat-finger
0.870, conxordiun.com, fat-finger
0.745, conxordiunm.com, fat-finger
0.745, conxordiuum.com, fat-finger
0.870, conxordiym.com, fat-finger
0.745, conxordiyum.com, fat-finger
0.745, conxordoium.com, fat-finger
0.870, conxordoum.com, fat-finger
0.717, conxordpium.com, fat-finger
0.841, conxordpum.com, fat-finger
0.745, conxorduium.com, fat-finger
0.870, conxorduum.com, fat-finger
0.745, conxoredium.com, fat-finger
0.837, conxoreium.com, fat-finger
0.717, conxorfdium.com, fat-finger
0.837, conxorfium.com, fat-finger
0.745, conxorrdium.com, fat-finger
0.717, conxorsdium.com, fat-finger
0.837, conxorsium.com, fat-finger
0.717, conxorxdium.com, fat-finger
0.837, conxorxium.com, fat-finger
0.837, conxotdium.com, fat-finger
0.717, conxotrdium.com, fat-finger
0.685, conсordium.com, mixed-encodings
0.620, conсordiuμ.com, mixed-encodings
0.620, conсordiuм.com, mixed-encodings
0.633, conсordiυm.com, mixed-encodings
0.637, conсordiｕm.com, mixed-encodings
0.633, conсordιum.com, mixed-encodings
0.633, conсordіum.com, mixed-encodings
0.576, conсordіuм.com, mixed-encodings
0.620, conсorдium.com, mixed-encodings
0.563, conсorдiuм.com, mixed-encodings
0.576, conсorдiυm.com, mixed-encodings
0.624, conсorｄium.com, mixed-encodings
0.620, conсoρdium.com, mixed-encodings
0.620, conсoгdium.com, mixed-encodings
0.563, conсoгdiuм.com, mixed-encodings
0.576, conсoгdiυm.com, mixed-encodings
0.576, conсoгdіum.com, mixed-encodings
0.633, conсοrdium.com, mixed-encodings
0.633, conсоrdium.com, mixed-encodings
0.685, conｃordium.com, mixed-encodings
0.624, conｃordiuμ.com, mixed-encodings
0.624, conｃordiuм.com, mixed-encodings
0.637, conｃordiυm.com, mixed-encodings
0.641, conｃordiｕm.com, mixed-encodings
0.637, conｃordιum.com, mixed-encodings
0.637, conｃordіum.com, mixed-encodings
0.624, conｃorдium.com, mixed-encodings
0.628, conｃorｄium.com, mixed-encodings
0.624, conｃoρdium.com, mixed-encodings
0.624, conｃoгdium.com, mixed-encodings
0.637, conｃοrdium.com, mixed-encodings
0.637, conｃоrdium.com, mixed-encodings
0.742, coonccordium.com, fat-finger
0.742, coonciordium.com, fat-finger
0.745, cooncirdium.com, fat-finger
0.712, cooncoedium.com, fat-finger
0.742, cooncoerdium.com, fat-finger
0.712, cooncofdium.com, fat-finger
0.713, cooncofrdium.com, fat-finger
0.742, cooncoordium.com, fat-finger
0.742, cooncorddium.com, fat-finger
0.745, cooncordiim.com, fat-finger
0.742, cooncordiium.com, fat-finger
0.745, cooncordiom.com, fat-finger
0.742, cooncordioum.com, fat-finger
0.712, cooncordiuj.com, fat-finger
0.713, cooncordiujm.com, fat-finger
0.712, cooncordiuk.com, fat-finger
0.713, cooncordiukm.com, fat-finger
0.791, cooncordium.com, fat-finger
0.742, cooncordiumm.com, fat-finger
0.745, cooncordiun.com, fat-finger
0.742, cooncordiunm.com, fat-finger
0.742, cooncordiuum.com, fat-finger
0.745, cooncordiym.com, fat-finger
0.742, cooncordiyum.com, fat-finger
0.742, cooncordoium.com, fat-finger
0.745, cooncordoum.com, fat-finger
0.713, cooncordpium.com, fat-finger
0.717, cooncordpum.com, fat-finger
0.742, cooncorduium.com, fat-finger
0.745, cooncorduum.com, fat-finger
0.742, cooncoredium.com, fat-finger
0.712, cooncoreium.com, fat-finger
0.713, cooncorfdium.com, fat-finger
0.712, cooncorfium.com, fat-finger
0.742, cooncorrdium.com, fat-finger
0.713, cooncorsdium.com, fat-finger
0.712, cooncorsium.com, fat-finger
0.713, cooncorxdium.com, fat-finger
0.712, cooncorxium.com, fat-finger
0.712, cooncotdium.com, fat-finger
0.713, cooncotrdium.com, fat-finger
0.713, cooncpordium.com, fat-finger
0.717, cooncprdium.com, fat-finger
0.713, coondcordium.com, fat-finger
0.712, coondordium.com, fat-finger
0.713, coonfcordium.com, fat-finger
0.712, coonfordium.com, fat-finger
0.713, coonvcordium.com, fat-finger
0.712, coonvordium.com, fat-finger
0.742, coonxcordium.com, fat-finger
0.745, coonxordium.com, fat-finger
0.685, coηcordium.com, mixed-encodings
0.620, coηcordiuμ.com, mixed-encodings
0.620, coηcordiuм.com, mixed-encodings
0.633, coηcordiυm.com, mixed-encodings
0.637, coηcordiｕm.com, mixed-encodings
0.633, coηcordιum.com, mixed-encodings
0.633, coηcordіum.com, mixed-encodings
0.620, coηcorдium.com, mixed-encodings
0.624, coηcorｄium.com, mixed-encodings
0.620, coηcoρdium.com, mixed-encodings
0.620, coηcoгdium.com, mixed-encodings
0.633, coηcοrdium.com, mixed-encodings
0.633, coηcоrdium.com, mixed-encodings
0.620, coηсordium.com, mixed-encodings
0.624, coηｃordium.com, mixed-encodings
0.685, coпcordium.com, mixed-encodings
0.620, coпcordiuμ.com, mixed-encodings
0.620, coпcordiuм.com, mixed-encodings
0.633, coпcordiυm.com, mixed-encodings
0.637, coпcordiｕm.com, mixed-encodings
0.633, coпcordιum.com, mixed-encodings
0.633, coпcordіum.com, mixed-encodings
0.576, coпcordіuм.com, mixed-encodings
0.620, coпcorдium.com, mixed-encodings
0.563, coпcorдiuм.com, mixed-encodings
0.576, coпcorдiυm.com, mixed-encodings
0.624, coпcorｄium.com, mixed-encodings
0.620, coпcoρdium.com, mixed-encodings
0.620, coпcoгdium.com, mixed-encodings
0.563, coпcoгdiuм.com, mixed-encodings
0.576, coпcoгdiυm.com, mixed-encodings
0.576, coпcoгdіum.com, mixed-encodings
0.633, coпcοrdium.com, mixed-encodings
0.633, coпcоrdium.com, mixed-encodings
0.576, coпcоrdiuм.com, mixed-encodings
0.590, coпcоrdiυm.com, mixed-encodings
0.590, coпcоrdіum.com, mixed-encodings
0.576, coпcоrдium.com, mixed-encodings
0.620, coпсordium.com, mixed-encodings
0.624, coпｃordium.com, mixed-encodings
0.685, coｎcordium.com, mixed-encodings
0.717, cpnccordium.com, fat-finger
0.717, cpnciordium.com, fat-finger
0.841, cpncirdium.com, fat-finger
0.803, cpncoedium.com, fat-finger
0.717, cpncoerdium.com, fat-finger
0.813, cpncofdium.com, fat-finger
0.695, cpncofrdium.com, fat-finger
0.717, cpncoordium.com, fat-finger
0.717, cpncorddium.com, fat-finger
0.841, cpncordiim.com, fat-finger
0.717, cpncordiium.com, fat-finger
0.841, cpncordiom.com, fat-finger
0.717, cpncordioum.com, fat-finger
0.813, cpncordiuj.com, fat-finger
0.695, cpncordiujm.com, fat-finger
0.813, cpncordiuk.com, fat-finger
0.695, cpncordiukm.com, fat-finger
0.906, cpncordium.com, misspelling
0.717, cpncordiumm.com, fat-finger
0.841, cpncordiun.com, fat-finger
0.717, cpncordiunm.com, fat-finger
0.717, cpncordiuum.com, fat-finger
0.841, cpncordiym.com, fat-finger
0.717, cpncordiyum.com, fat-finger
0.717, cpncordoium.com, fat-finger
0.841, cpncordoum.com, fat-finger
0.695, cpncordpium.com, fat-finger
0.820, cpncordpum.com, fat-finger
0.717, cpncorduium.com, fat-finger
0.841, cpncorduum.com, fat-finger
0.717, cpncoredium.com, fat-finger
0.803, cpncoreium.com, fat-finger
0.695, cpncorfdium.com, fat-finger
0.813, cpncorfium.com, fat-finger
0.717, cpncorrdium.com, fat-finger
0.695, cpncorsdium.com, fat-finger
0.813, cpncorsium.com, fat-finger
0.695, cpncorxdium.com, fat-finger
0.813, cpncorxium.com, fat-finger
0.803, cpncotdium.com, fat-finger
0.695, cpncotrdium.com, fat-finger
0.695, cpncpordium.com, fat-finger
0.820, cpncprdium.com, fat-finger
0.695, cpndcordium.com, fat-finger
0.813, cpndordium.com, fat-finger
0.695, cpnfcordium.com, fat-finger
0.813, cpnfordium.com, fat-finger
0.695, cpnvcordium.com, fat-finger
0.813, cpnvordium.com, fat-finger
0.717, cpnxcordium.com, fat-finger
0.841, cpnxordium.com, fat-finger
0.713, cponccordium.com, fat-finger
0.713, cponciordium.com, fat-finger
0.717, cponcirdium.com, fat-finger
0.679, cponcoedium.com, fat-finger
0.713, cponcoerdium.com, fat-finger
0.688, cponcofdium.com, fat-finger
0.692, cponcofrdium.com, fat-finger
0.713, cponcoordium.com, fat-finger
0.713, cponcorddium.com, fat-finger
0.717, cponcordiim.com, fat-finger
0.713, cponcordiium.com, fat-finger
0.717, cponcordiom.com, fat-finger
0.713, cponcordioum.com, fat-finger
0.688, cponcordiuj.com, fat-finger
0.692, cponcordiujm.com, fat-finger
0.688, cponcordiuk.com, fat-finger
0.692, cponcordiukm.com, fat-finger
0.762, cponcordium.com, fat-finger
0.713, cponcordiumm.com, fat-finger
0.717, cponcordiun.com, fat-finger
0.713, cponcordiunm.com, fat-finger
0.713, cponcordiuum.com, fat-finger
0.717, cponcordiym.com, fat-finger
0.713, cponcordiyum.com, fat-finger
0.713, cponcordoium.com, fat-finger
0.717, cponcordoum.com, fat-finger
0.692, cponcordpium.com, fat-finger
0.695, cponcordpum.com, fat-finger
0.713, cponcorduium.com, fat-finger
0.717, cponcorduum.com, fat-finger
0.713, cponcoredium.com, fat-finger
0.679, cponcoreium.com, fat-finger
0.692, cponcorfdium.com, fat-finger
0.688, cponcorfium.com, fat-finger
0.713, cponcorrdium.com, fat-finger
0.692, cponcorsdium.com, fat-finger
0.688, cponcorsium.com, fat-finger
0.692, cponcorxdium.com, fat-finger
0.688, cponcorxium.com, fat-finger
0.679, cponcotdium.com, fat-finger
0.692, cponcotrdium.com, fat-finger
0.692, cponcpordium.com, fat-finger
0.695, cponcprdium.com, fat-finger
0.692, cpondcordium.com, fat-finger
0.688, cpondordium.com, fat-finger
0.692, cponfcordium.com, fat-finger
0.688, cponfordium.com, fat-finger
0.692, cponvcordium.com, fat-finger
0.688, cponvordium.com, fat-finger
0.713, cponxcordium.com, fat-finger
0.717, cponxordium.com, fat-finger
0.885, cqnc0rdium.com, 1337speak
0.837, cqncondium.com, 1337speak
0.837, cqncorbium.com, 1337speak
0.885, cqncord1um.com, 1337speak
0.935, cqncordium.com, 1337speak
0.870, cqncordiun.com, 1337speak
0.841, cqncordivm.com, 1337speak
0.841, cqncordlum.com, 1337speak
0.870, cqncqrdium.com, 1337speak
0.935, cuncordium.com, misspelling
0.698, cοncordium.com, mixed-encodings
0.633, cοncordiuμ.com, mixed-encodings
0.633, cοncordiuм.com, mixed-encodings
0.647, cοncordiυm.com, mixed-encodings
0.651, cοncordiｕm.com, mixed-encodings
0.647, cοncordιum.com, mixed-encodings
0.647, cοncordіum.com, mixed-encodings
0.633, cοncorдium.com, mixed-encodings
0.637, cοncorｄium.com, mixed-encodings
0.633, cοncoρdium.com, mixed-encodings
0.633, cοncoгdium.com, mixed-encodings
0.647, cοncοrdium.com, mixed-encodings
0.647, cοncоrdium.com, mixed-encodings
0.633, cοnсordium.com, mixed-encodings
0.637, cοnｃordium.com, mixed-encodings
0.633, cοηcordium.com, mixed-encodings
0.633, cοпcordium.com, mixed-encodings
0.698, cоncordium.com, mixed-encodings
0.633, cоncordiuμ.com, mixed-encodings
0.633, cоncordiuм.com, mixed-encodings
0.647, cоncordiυm.com, mixed-encodings
0.651, cоncordiｕm.com, mixed-encodings
0.647, cоncordιum.com, mixed-encodings
0.647, cоncordіum.com, mixed-encodings
0.590, cоncordіuм.com, mixed-encodings
0.633, cоncorдium.com, mixed-encodings
0.576, cоncorдiuм.com, mixed-encodings
0.590, cоncorдiυm.com, mixed-encodings
0.637, cоncorｄium.com, mixed-encodings
0.633, cоncoρdium.com, mixed-encodings
0.633, cоncoгdium.com, mixed-encodings
0.576, cоncoгdiuм.com, mixed-encodings
0.590, cоncoгdiυm.com, mixed-encodings
0.590, cоncoгdіum.com, mixed-encodings
0.647, cоncοrdium.com, mixed-encodings
0.647, cоncоrdium.com, mixed-encodings
0.590, cоncоrdiuм.com, mixed-encodings
0.603, cоncоrdiυm.com, mixed-encodings
0.603, cоncоrdіum.com, mixed-encodings
0.590, cоncоrдium.com, mixed-encodings
0.633, cоnсordium.com, mixed-encodings
0.576, cоnсordiuм.com, mixed-encodings
0.590, cоnсordiυm.com, mixed-encodings
0.590, cоnсordіum.com, mixed-encodings
0.576, cоnсorдium.com, mixed-encodings
0.576, cоnсoгdium.com, mixed-encodings
0.637, cоnｃordium.com, mixed-encodings
0.633, cоηcordium.com, mixed-encodings
0.633, cопcordium.com, mixed-encodings
0.698, cｏncordium.com, mixed-encodings
0.688, dcobcordium.com, fat-finger
0.692, dcobncordium.com, fat-finger
0.679, dcohcordium.com, fat-finger
0.713, dcohncordium.com, fat-finger
0.679, dcojcordium.com, fat-finger
0.692, dcojncordium.com, fat-finger
0.717, dcomcordium.com, fat-finger
0.713, dcomncordium.com, fat-finger
0.713, dconccordium.com, fat-finger
0.713, dconciordium.com, fat-finger
0.717, dconcirdium.com, fat-finger
0.679, dconcoedium.com, fat-finger
0.713, dconcoerdium.com, fat-finger
0.688, dconcofdium.com, fat-finger
0.692, dconcofrdium.com, fat-finger
0.713, dconcoordium.com, fat-finger
0.713, dconcorddium.com, fat-finger
0.717, dconcordiim.com, fat-finger
0.713, dconcordiium.com, fat-finger
0.717, dconcordiom.com, fat-finger
0.713, dconcordioum.com, fat-finger
0.688, dconcordiuj.com, fat-finger
0.692, dconcordiujm.com, fat-finger
0.688, dconcordiuk.com, fat-finger
0.692, dconcordiukm.com, fat-finger
0.762, dconcordium.com, fat-finger
0.713, dconcordiumm.com, fat-finger
0.717, dconcordiun.com, fat-finger
0.713, dconcordiunm.com, fat-finger
0.713, dconcordiuum.com, fat-finger
0.717, dconcordiym.com, fat-finger
0.713, dconcordiyum.com, fat-finger
0.713, dconcordoium.com, fat-finger
0.717, dconcordoum.com, fat-finger
0.692, dconcordpium.com, fat-finger
0.695, dconcordpum.com, fat-finger
0.713, dconcorduium.com, fat-finger
0.717, dconcorduum.com, fat-finger
0.713, dconcoredium.com, fat-finger
0.679, dconcoreium.com, fat-finger
0.692, dconcorfdium.com, fat-finger
0.688, dconcorfium.com, fat-finger
0.713, dconcorrdium.com, fat-finger
0.692, dconcorsdium.com, fat-finger
0.688, dconcorsium.com, fat-finger
0.692, dconcorxdium.com, fat-finger
0.688, dconcorxium.com, fat-finger
0.679, dconcotdium.com, fat-finger
0.692, dconcotrdium.com, fat-finger
0.692, dconcpordium.com, fat-finger
0.695, dconcprdium.com, fat-finger
0.692, dcondcordium.com, fat-finger
0.688, dcondordium.com, fat-finger
0.692, dconfcordium.com, fat-finger
0.688, dconfordium.com, fat-finger
0.713, dconncordium.com, fat-finger
0.692, dconvcordium.com, fat-finger
0.688, dconvordium.com, fat-finger
0.713, dconxcordium.com, fat-finger
0.717, dconxordium.com, fat-finger
0.803, dobcordium.com, fat-finger
0.688, dobncordium.com, fat-finger
0.803, dohcordium.com, fat-finger
0.712, dohncordium.com, fat-finger
0.803, dojcordium.com, fat-finger
0.717, dojncordium.com, fat-finger
0.837, domcordium.com, fat-finger
0.712, domncordium.com, fat-finger
0.712, donccordium.com, fat-finger
0.712, donciordium.com, fat-finger
0.837, doncirdium.com, fat-finger
0.803, doncoedium.com, fat-finger
0.712, doncoerdium.com, fat-finger
0.803, doncofdium.com, fat-finger
0.688, doncofrdium.com, fat-finger
0.712, doncoordium.com, fat-finger
0.712, doncorddium.com, fat-finger
0.837, doncordiim.com, fat-finger
0.712, doncordiium.com, fat-finger
0.837, doncordiom.com, fat-finger
0.712, doncordioum.com, fat-finger
0.803, doncordiuj.com, fat-finger
0.688, doncordiujm.com, fat-finger
0.803, doncordiuk.com, fat-finger
0.688, doncordiukm.com, fat-finger
0.902, doncordium.com, misspelling
0.712, doncordiumm.com, fat-finger
0.837, doncordiun.com, fat-finger
0.712, doncordiunm.com, fat-finger
0.712, doncordiuum.com, fat-finger
0.837, doncordiym.com, fat-finger
0.712, doncordiyum.com, fat-finger
0.712, doncordoium.com, fat-finger
0.837, doncordoum.com, fat-finger
0.688, doncordpium.com, fat-finger
0.813, doncordpum.com, fat-finger
0.712, doncorduium.com, fat-finger
0.837, doncorduum.com, fat-finger
0.712, doncoredium.com, fat-finger
0.803, doncoreium.com, fat-finger
0.688, doncorfdium.com, fat-finger
0.803, doncorfium.com, fat-finger
0.712, doncorrdium.com, fat-finger
0.688, doncorsdium.com, fat-finger
0.803, doncorsium.com, fat-finger
0.688, doncorxdium.com, fat-finger
0.803, doncorxium.com, fat-finger
0.803, doncotdium.com, fat-finger
0.688, doncotrdium.com, fat-finger
0.688, doncpordium.com, fat-finger
0.813, doncprdium.com, fat-finger
0.688, dondcordium.com, fat-finger
0.803, dondordium.com, fat-finger
0.688, donfcordium.com, fat-finger
0.803, donfordium.com, fat-finger
0.712, donncordium.com, fat-finger
0.688, donvcordium.com, fat-finger
0.803, donvordium.com, fat-finger
0.712, donxcordium.com, fat-finger
0.837, donxordium.com, fat-finger
0.688, fcobcordium.com, fat-finger
0.692, fcobncordium.com, fat-finger
0.679, fcohcordium.com, fat-finger
0.713, fcohncordium.com, fat-finger
0.679, fcojcordium.com, fat-finger
0.692, fcojncordium.com, fat-finger
0.717, fcomcordium.com, fat-finger
0.713, fcomncordium.com, fat-finger
0.713, fconccordium.com, fat-finger
0.713, fconciordium.com, fat-finger
0.717, fconcirdium.com, fat-finger
0.679, fconcoedium.com, fat-finger
0.713, fconcoerdium.com, fat-finger
0.688, fconcofdium.com, fat-finger
0.692, fconcofrdium.com, fat-finger
0.713, fconcoordium.com, fat-finger
0.713, fconcorddium.com, fat-finger
0.717, fconcordiim.com, fat-finger
0.713, fconcordiium.com, fat-finger
0.717, fconcordiom.com, fat-finger
0.713, fconcordioum.com, fat-finger
0.688, fconcordiuj.com, fat-finger
0.692, fconcordiujm.com, fat-finger
0.688, fconcordiuk.com, fat-finger
0.692, fconcordiukm.com, fat-finger
0.762, fconcordium.com, fat-finger
0.713, fconcordiumm.com, fat-finger
0.717, fconcordiun.com, fat-finger
0.713, fconcordiunm.com, fat-finger
0.713, fconcordiuum.com, fat-finger
0.717, fconcordiym.com, fat-finger
0.713, fconcordiyum.com, fat-finger
0.713, fconcordoium.com, fat-finger
0.717, fconcordoum.com, fat-finger
0.692, fconcordpium.com, fat-finger
0.695, fconcordpum.com, fat-finger
0.713, fconcorduium.com, fat-finger
0.717, fconcorduum.com, fat-finger
0.713, fconcoredium.com, fat-finger
0.679, fconcoreium.com, fat-finger
0.692, fconcorfdium.com, fat-finger
0.688, fconcorfium.com, fat-finger
0.713, fconcorrdium.com, fat-finger
0.692, fconcorsdium.com, fat-finger
0.688, fconcorsium.com, fat-finger
0.692, fconcorxdium.com, fat-finger
0.688, fconcorxium.com, fat-finger
0.679, fconcotdium.com, fat-finger
0.692, fconcotrdium.com, fat-finger
0.692, fconcpordium.com, fat-finger
0.695, fconcprdium.com, fat-finger
0.692, fcondcordium.com, fat-finger
0.688, fcondordium.com, fat-finger
0.692, fconfcordium.com, fat-finger
0.688, fconfordium.com, fat-finger
0.713, fconncordium.com, fat-finger
0.692, fconvcordium.com, fat-finger
0.688, fconvordium.com, fat-finger
0.713, fconxcordium.com, fat-finger
0.717, fconxordium.com, fat-finger
0.803, fobcordium.com, fat-finger
0.688, fobncordium.com, fat-finger
0.803, fohcordium.com, fat-finger
0.712, fohncordium.com, fat-finger
0.803, fojcordium.com, fat-finger
0.717, fojncordium.com, fat-finger
0.837, fomcordium.com, fat-finger
0.712, fomncordium.com, fat-finger
0.712, fonccordium.com, fat-finger
0.712, fonciordium.com, fat-finger
0.837, foncirdium.com, fat-finger
0.803, foncoedium.com, fat-finger
0.712, foncoerdium.com, fat-finger
0.803, foncofdium.com, fat-finger
0.688, foncofrdium.com, fat-finger
0.712, foncoordium.com, fat-finger
0.712, foncorddium.com, fat-finger
0.837, foncordiim.com, fat-finger
0.712, foncordiium.com, fat-finger
0.837, foncordiom.com, fat-finger
0.712, foncordioum.com, fat-finger
0.803, foncordiuj.com, fat-finger
0.688, foncordiujm.com, fat-finger
0.803, foncordiuk.com, fat-finger
0.688, foncordiukm.com, fat-finger
0.902, foncordium.com, misspelling
0.712, foncordiumm.com, fat-finger
0.837, foncordiun.com, fat-finger
0.712, foncordiunm.com, fat-finger
0.712, foncordiuum.com, fat-finger
0.837, foncordiym.com, fat-finger
0.712, foncordiyum.com, fat-finger
0.712, foncordoium.com, fat-finger
0.837, foncordoum.com, fat-finger
0.688, foncordpium.com, fat-finger
0.813, foncordpum.com, fat-finger
0.712, foncorduium.com, fat-finger
0.837, foncorduum.com, fat-finger
0.712, foncoredium.com, fat-finger
0.803, foncoreium.com, fat-finger
0.688, foncorfdium.com, fat-finger
0.803, foncorfium.com, fat-finger
0.712, foncorrdium.com, fat-finger
0.688, foncorsdium.com, fat-finger
0.803, foncorsium.com, fat-finger
0.688, foncorxdium.com, fat-finger
0.803, foncorxium.com, fat-finger
0.803, foncotdium.com, fat-finger
0.688, foncotrdium.com, fat-finger
0.688, foncpordium.com, fat-finger
0.813, foncprdium.com, fat-finger
0.688, fondcordium.com, fat-finger
0.803, fondordium.com, fat-finger
0.688, fonfcordium.com, fat-finger
0.803, fonfordium.com, fat-finger
0.712, fonncordium.com, fat-finger
0.688, fonvcordium.com, fat-finger
0.803, fonvordium.com, fat-finger
0.712, fonxcordium.com, fat-finger
0.837, fonxordium.com, fat-finger
0.870, ocncordium.com, misspelling
0.653, ocordium.com, misspelling
0.837, oencordium.com, misspelling
0.752, oncordium.com, misspelling
0.688, vcobcordium.com, fat-finger
0.692, vcobncordium.com, fat-finger
0.679, vcohcordium.com, fat-finger
0.713, vcohncordium.com, fat-finger
0.679, vcojcordium.com, fat-finger
0.692, vcojncordium.com, fat-finger
0.717, vcomcordium.com, fat-finger
0.713, vcomncordium.com, fat-finger
0.713, vconccordium.com, fat-finger
0.713, vconciordium.com, fat-finger
0.717, vconcirdium.com, fat-finger
0.679, vconcoedium.com, fat-finger
0.713, vconcoerdium.com, fat-finger
0.688, vconcofdium.com, fat-finger
0.692, vconcofrdium.com, fat-finger
0.713, vconcoordium.com, fat-finger
0.713, vconcorddium.com, fat-finger
0.717, vconcordiim.com, fat-finger
0.713, vconcordiium.com, fat-finger
0.717, vconcordiom.com, fat-finger
0.713, vconcordioum.com, fat-finger
0.688, vconcordiuj.com, fat-finger
0.692, vconcordiujm.com, fat-finger
0.688, vconcordiuk.com, fat-finger
0.692, vconcordiukm.com, fat-finger
0.762, vconcordium.com, fat-finger
0.713, vconcordiumm.com, fat-finger
0.717, vconcordiun.com, fat-finger
0.713, vconcordiunm.com, fat-finger
0.713, vconcordiuum.com, fat-finger
0.717, vconcordiym.com, fat-finger
0.713, vconcordiyum.com, fat-finger
0.713, vconcordoium.com, fat-finger
0.717, vconcordoum.com, fat-finger
0.692, vconcordpium.com, fat-finger
0.695, vconcordpum.com, fat-finger
0.713, vconcorduium.com, fat-finger
0.717, vconcorduum.com, fat-finger
0.713, vconcoredium.com, fat-finger
0.679, vconcoreium.com, fat-finger
0.692, vconcorfdium.com, fat-finger
0.688, vconcorfium.com, fat-finger
0.713, vconcorrdium.com, fat-finger
0.692, vconcorsdium.com, fat-finger
0.688, vconcorsium.com, fat-finger
0.692, vconcorxdium.com, fat-finger
0.688, vconcorxium.com, fat-finger
0.679, vconcotdium.com, fat-finger
0.692, vconcotrdium.com, fat-finger
0.692, vconcpordium.com, fat-finger
0.695, vconcprdium.com, fat-finger
0.692, vcondcordium.com, fat-finger
0.688, vcondordium.com, fat-finger
0.692, vconfcordium.com, fat-finger
0.688, vconfordium.com, fat-finger
0.713, vconncordium.com, fat-finger
0.692, vconvcordium.com, fat-finger
0.688, vconvordium.com, fat-finger
0.713, vconxcordium.com, fat-finger
0.717, vconxordium.com, fat-finger
0.803, vobcordium.com, fat-finger
0.688, vobncordium.com, fat-finger
0.803, vohcordium.com, fat-finger
0.712, vohncordium.com, fat-finger
0.803, vojcordium.com, fat-finger
0.717, vojncordium.com, fat-finger
0.837, vomcordium.com, fat-finger
0.712, vomncordium.com, fat-finger
0.712, vonccordium.com, fat-finger
0.712, vonciordium.com, fat-finger
0.837, voncirdium.com, fat-finger
0.803, voncoedium.com, fat-finger
0.712, voncoerdium.com, fat-finger
0.803, voncofdium.com, fat-finger
0.688, voncofrdium.com, fat-finger
0.712, voncoordium.com, fat-finger
0.712, voncorddium.com, fat-finger
0.837, voncordiim.com, fat-finger
0.712, voncordiium.com, fat-finger
0.837, voncordiom.com, fat-finger
0.712, voncordioum.com, fat-finger
0.803, voncordiuj.com, fat-finger
0.688, voncordiujm.com, fat-finger
0.803, voncordiuk.com, fat-finger
0.688, voncordiukm.com, fat-finger
0.902, voncordium.com, misspelling
0.712, voncordiumm.com, fat-finger
0.837, voncordiun.com, fat-finger
0.712, voncordiunm.com, fat-finger
0.712, voncordiuum.com, fat-finger
0.837, voncordiym.com, fat-finger
0.712, voncordiyum.com, fat-finger
0.712, voncordoium.com, fat-finger
0.837, voncordoum.com, fat-finger
0.688, voncordpium.com, fat-finger
0.813, voncordpum.com, fat-finger
0.712, voncorduium.com, fat-finger
0.837, voncorduum.com, fat-finger
0.712, voncoredium.com, fat-finger
0.803, voncoreium.com, fat-finger
0.688, voncorfdium.com, fat-finger
0.803, voncorfium.com, fat-finger
0.712, voncorrdium.com, fat-finger
0.688, voncorsdium.com, fat-finger
0.803, voncorsium.com, fat-finger
0.688, voncorxdium.com, fat-finger
0.803, voncorxium.com, fat-finger
0.803, voncotdium.com, fat-finger
0.688, voncotrdium.com, fat-finger
0.688, voncpordium.com, fat-finger
0.813, voncprdium.com, fat-finger
0.688, vondcordium.com, fat-finger
0.803, vondordium.com, fat-finger
0.688, vonfcordium.com, fat-finger
0.803, vonfordium.com, fat-finger
0.712, vonncordium.com, fat-finger
0.688, vonvcordium.com, fat-finger
0.803, vonvordium.com, fat-finger
0.712, vonxcordium.com, fat-finger
0.837, vonxordium.com, fat-finger
0.712, xcobcordium.com, fat-finger
0.713, xcobncordium.com, fat-finger
0.712, xcohcordium.com, fat-finger
0.742, xcohncordium.com, fat-finger
0.712, xcojcordium.com, fat-finger
0.713, xcojncordium.com, fat-finger
0.745, xcomcordium.com, fat-finger
0.742, xcomncordium.com, fat-finger
0.742, xconccordium.com, fat-finger
0.742, xconciordium.com, fat-finger
0.745, xconcirdium.com, fat-finger
0.712, xconcoedium.com, fat-finger
0.742, xconcoerdium.com, fat-finger
0.712, xconcofdium.com, fat-finger
0.713, xconcofrdium.com, fat-finger
0.742, xconcoordium.com, fat-finger
0.742, xconcorddium.com, fat-finger
0.745, xconcordiim.com, fat-finger
0.742, xconcordiium.com, fat-finger
0.745, xconcordiom.com, fat-finger
0.742, xconcordioum.com, fat-finger
0.712, xconcordiuj.com, fat-finger
0.713, xconcordiujm.com, fat-finger
0.712, xconcordiuk.com, fat-finger
0.713, xconcordiukm.com, fat-finger
0.791, xconcordium.com, fat-finger
0.742, xconcordiumm.com, fat-finger
0.745, xconcordiun.com, fat-finger
0.742, xconcordiunm.com, fat-finger
0.742, xconcordiuum.com, fat-finger
0.745, xconcordiym.com, fat-finger
0.742, xconcordiyum.com, fat-finger
0.742, xconcordoium.com, fat-finger
0.745, xconcordoum.com, fat-finger
0.713, xconcordpium.com, fat-finger
0.717, xconcordpum.com, fat-finger
0.742, xconcorduium.com, fat-finger
0.745, xconcorduum.com, fat-finger
0.742, xconcoredium.com, fat-finger
0.712, xconcoreium.com, fat-finger
0.713, xconcorfdium.com, fat-finger
0.712, xconcorfium.com, fat-finger
0.742, xconcorrdium.com, fat-finger
0.713, xconcorsdium.com, fat-finger
0.712, xconcorsium.com, fat-finger
0.713, xconcorxdium.com, fat-finger
0.712, xconcorxium.com, fat-finger
0.712, xconcotdium.com, fat-finger
0.713, xconcotrdium.com, fat-finger
0.713, xconcpordium.com, fat-finger
0.717, xconcprdium.com, fat-finger
0.713, xcondcordium.com, fat-finger
0.712, xcondordium.com, fat-finger
0.713, xconfcordium.com, fat-finger
0.712, xconfordium.com, fat-finger
0.742, xconncordium.com, fat-finger
0.713, xconvcordium.com, fat-finger
0.712, xconvordium.com, fat-finger
0.742, xconxcordium.com, fat-finger
0.745, xconxordium.com, fat-finger
0.837, xobcordium.com, fat-finger
0.717, xobncordium.com, fat-finger
0.837, xohcordium.com, fat-finger
0.745, xohncordium.com, fat-finger
0.837, xojcordium.com, fat-finger
0.717, xojncordium.com, fat-finger
0.870, xomcordium.com, fat-finger
0.745, xomncordium.com, fat-finger
0.745, xonccordium.com, fat-finger
0.745, xonciordium.com, fat-finger
0.870, xoncirdium.com, fat-finger
0.837, xoncoedium.com, fat-finger
0.745, xoncoerdium.com, fat-finger
0.837, xoncofdium.com, fat-finger
0.717, xoncofrdium.com, fat-finger
0.745, xoncoordium.com, fat-finger
0.745, xoncorddium.com, fat-finger
0.870, xoncordiim.com, fat-finger
0.745, xoncordiium.com, fat-finger
0.870, xoncordiom.com, fat-finger
0.745, xoncordioum.com, fat-finger
0.837, xoncordiuj.com, fat-finger
0.717, xoncordiujm.com, fat-finger
0.837, xoncordiuk.com, fat-finger
0.717, xoncordiukm.com, fat-finger
0.935, xoncordium.com, misspelling
0.745, xoncordiumm.com, fat-finger
0.870, xoncordiun.com, fat-finger
0.745, xoncordiunm.com, fat-finger
0.745, xoncordiuum.com, fat-finger
0.870, xoncordiym.com, fat-finger
0.745, xoncordiyum.com, fat-finger
0.745, xoncordoium.com, fat-finger
0.870, xoncordoum.com, fat-finger
0.717, xoncordpium.com, fat-finger
0.841, xoncordpum.com, fat-finger
0.745, xoncorduium.com, fat-finger
0.870, xoncorduum.com, fat-finger
0.745, xoncoredium.com, fat-finger
0.837, xoncoreium.com, fat-finger
0.717, xoncorfdium.com, fat-finger
0.837, xoncorfium.com, fat-finger
0.745, xoncorrdium.com, fat-finger
0.717, xoncorsdium.com, fat-finger
0.837, xoncorsium.com, fat-finger
0.717, xoncorxdium.com, fat-finger
0.837, xoncorxium.com, fat-finger
0.837, xoncotdium.com, fat-finger
0.717, xoncotrdium.com, fat-finger
0.717, xoncpordium.com, fat-finger
0.841, xoncprdium.com, fat-finger
0.717, xondcordium.com, fat-finger
0.837, xondordium.com, fat-finger
0.717, xonfcordium.com, fat-finger
0.837, xonfordium.com, fat-finger
0.745, xonncordium.com, fat-finger
0.717, xonvcordium.com, fat-finger
0.837, xonvordium.com, fat-finger
0.745, xonxcordium.com, fat-finger
0.870, xonxordium.com, fat-finger
0.685, сoncordium.com, mixed-encodings
0.620, сoncordiuμ.com, mixed-encodings
0.620, сoncordiuм.com, mixed-encodings
0.633, сoncordiυm.com, mixed-encodings
0.637, сoncordiｕm.com, mixed-encodings
0.633, сoncordιum.com, mixed-encodings
0.633, сoncordіum.com, mixed-encodings
0.576, сoncordіuм.com, mixed-encodings
0.620, сoncorдium.com, mixed-encodings
0.563, сoncorдiuм.com, mixed-encodings
0.576, сoncorдiυm.com, mixed-encodings
0.624, сoncorｄium.com, mixed-encodings
0.620, сoncoρdium.com, mixed-encodings
0.620, сoncoгdium.com, mixed-encodings
0.563, сoncoгdiuм.com, mixed-encodings
0.576, сoncoгdiυm.com, mixed-encodings
0.576, сoncoгdіum.com, mixed-encodings
0.633, сoncοrdium.com, mixed-encodings
0.633, сoncоrdium.com, mixed-encodings
0.576, сoncоrdiuм.com, mixed-encodings
0.590, сoncоrdiυm.com, mixed-encodings
0.590, сoncоrdіum.com, mixed-encodings
0.576, сoncоrдium.com, mixed-encodings
0.620, сonсordium.com, mixed-encodings
0.563, сonсordiuм.com, mixed-encodings
0.576, сonсordiυm.com, mixed-encodings
0.576, сonсordіum.com, mixed-encodings
0.563, сonсorдium.com, mixed-encodings
0.563, сonсoгdium.com, mixed-encodings
0.624, сonｃordium.com, mixed-encodings
0.620, сoηcordium.com, mixed-encodings
0.620, сoпcordium.com, mixed-encodings
0.563, сoпcordiuм.com, mixed-encodings
0.576, сoпcordiυm.com, mixed-encodings
0.576, сoпcordіum.com, mixed-encodings
0.563, сoпcorдium.com, mixed-encodings
0.563, сoпcoгdium.com, mixed-encodings
0.576, сoпcоrdium.com, mixed-encodings
0.633, сοncordium.com, mixed-encodings
0.633, соncordium.com, mixed-encodings
0.685, ｃoncordium.com, mixed-encodings
0.624, ｃoncordiuμ.com, mixed-encodings
0.624, ｃoncordiuм.com, mixed-encodings
0.637, ｃoncordiυm.com, mixed-encodings
0.641, ｃoncordiｕm.com, mixed-encodings
0.637, ｃoncordιum.com, mixed-encodings
0.637, ｃoncordіum.com, mixed-encodings
0.624, ｃoncorдium.com, mixed-encodings
0.628, ｃoncorｄium.com, mixed-encodings
0.624, ｃoncoρdium.com, mixed-encodings
0.624, ｃoncoгdium.com, mixed-encodings
0.637, ｃoncοrdium.com, mixed-encodings
0.637, ｃoncоrdium.com, mixed-encodings
0.624, ｃonсordium.com, mixed-encodings
0.628, ｃonｃordium.com, mixed-encodings
0.624, ｃoηcordium.com, mixed-encodings
0.624, ｃoпcordium.com, mixed-encodings
0.637, ｃοncordium.com, mixed-encodings
0.637, ｃоncordium.com, mixed-encodings
Generated 2426 variations 
